[2018-04-24 17:52:36,116] [] [main] [INFO] [c.c.b.c.Application] [Starting Application v1.0.0-SNAPSHOT on jr with PID 12046 (/home/jr/Projects/Codes/CWT/bpg-cbt-apac-services/apac-services-main/target/apac-services-main-1.0.0-SNAPSHOT.jar started by jr in /home/jr/Projects/Codes/CWT/bpg-cbt-apac-services)]
[2018-04-24 17:52:36,123] [] [main] [INFO] [c.c.b.c.Application] [No active profile set, falling back to default profiles: dev]
[2018-04-24 17:52:36,508] [] [main] [INFO] [o.s.b.c.e.AnnotationConfigEmbeddedWebApplicationContext] [Refreshing org.springframework.boot.context.embedded.AnnotationConfigEmbeddedWebApplicationContext@48ae9b55: startup date [Tue Apr 24 17:52:36 PHT 2018]; root of context hierarchy]
[2018-04-24 17:52:37,870] [] [background-preinit] [INFO] [o.h.v.i.u.Version] [HV000001: Hibernate Validator 5.4.1.Final]
[2018-04-24 17:52:43,914] [] [main] [INFO] [o.s.b.f.a.AutowiredAnnotationBeanPostProcessor] [JSR-330 'javax.inject.Inject' annotation found and supported for autowiring]
[2018-04-24 17:52:46,610] [] [main] [INFO] [o.s.b.c.e.t.TomcatEmbeddedServletContainer] [Tomcat initialized with port(s): 8080 (http)]
[2018-04-24 17:52:46,656] [] [main] [INFO] [o.a.c.c.StandardService] [Starting service [Tomcat]]
[2018-04-24 17:52:46,660] [] [main] [INFO] [o.a.c.c.StandardEngine] [Starting Servlet Engine: Apache Tomcat/8.5.27]
[2018-04-24 17:52:47,029] [] [localhost-startStop-1] [INFO] [o.a.c.c.C.[.[.[/apac-services-rest/api]] [Initializing Spring embedded WebApplicationContext]
[2018-04-24 17:52:47,030] [] [localhost-startStop-1] [INFO] [o.s.w.c.ContextLoader] [Root WebApplicationContext: initialization completed in 10521 ms]
[2018-04-24 17:52:48,596] [] [localhost-startStop-1] [INFO] [o.s.b.w.s.FilterRegistrationBean] [Mapping filter: 'metricsFilter' to: [/*]]
[2018-04-24 17:52:48,597] [] [localhost-startStop-1] [INFO] [o.s.b.w.s.FilterRegistrationBean] [Mapping filter: 'characterEncodingFilter' to: [/*]]
[2018-04-24 17:52:48,598] [] [localhost-startStop-1] [INFO] [o.s.b.w.s.FilterRegistrationBean] [Mapping filter: 'hiddenHttpMethodFilter' to: [/*]]
[2018-04-24 17:52:48,598] [] [localhost-startStop-1] [INFO] [o.s.b.w.s.FilterRegistrationBean] [Mapping filter: 'httpPutFormContentFilter' to: [/*]]
[2018-04-24 17:52:48,598] [] [localhost-startStop-1] [INFO] [o.s.b.w.s.FilterRegistrationBean] [Mapping filter: 'requestContextFilter' to: [/*]]
[2018-04-24 17:52:48,603] [] [localhost-startStop-1] [INFO] [o.s.b.w.s.DelegatingFilterProxyRegistrationBean] [Mapping filter: 'springSecurityFilterChain' to: [/*]]
[2018-04-24 17:52:48,604] [] [localhost-startStop-1] [INFO] [o.s.b.w.s.FilterRegistrationBean] [Mapping filter: 'webRequestLoggingFilter' to: [/*]]
[2018-04-24 17:52:48,604] [] [localhost-startStop-1] [INFO] [o.s.b.w.s.FilterRegistrationBean] [Mapping filter: 'applicationContextIdFilter' to: [/*]]
[2018-04-24 17:52:48,605] [] [localhost-startStop-1] [INFO] [o.s.b.w.s.ServletRegistrationBean] [Mapping servlet: 'dispatcherServlet' to [/]]
[2018-04-24 17:52:49,822] [] [main] [INFO] [c.c.b.c.m.c.MongoDbConnection] [Initializing mongodb connection]
[2018-04-24 17:52:50,731] [] [main] [INFO] [o.m.d.cluster] [Cluster created with settings {hosts=[nonprod-mongodb-ct-mongos0.us-west-2.cbt-aws-cwt.com:27017], mode=MULTIPLE, requiredClusterType=UNKNOWN, serverSelectionTimeout='30000 ms', maxWaitQueueSize=250}]
[2018-04-24 17:52:50,732] [] [main] [INFO] [o.m.d.cluster] [Adding discovered server nonprod-mongodb-ct-mongos0.us-west-2.cbt-aws-cwt.com:27017 to client view of cluster]
[2018-04-24 17:52:50,800] [] [pool-1-thread-1] [DEBUG] [o.m.d.connection] [Pruning pooled connections to nonprod-mongodb-ct-mongos0.us-west-2.cbt-aws-cwt.com:27017]
[2018-04-24 17:52:50,801] [] [pool-1-thread-1] [DEBUG] [o.m.d.connection] [Ensuring minimum pooled connections to nonprod-mongodb-ct-mongos0.us-west-2.cbt-aws-cwt.com:27017]
[2018-04-24 17:52:51,088] [] [main] [INFO] [c.c.b.c.m.c.MongoDbConnection] [Mongodb connection initialized]
[2018-04-24 17:52:51,099] [] [main] [INFO] [o.m.m.l.MorphiaLoggerFactory] [LoggerImplFactory set to org.mongodb.morphia.logging.jdk.JDKLoggerFactory]
[2018-04-24 17:52:54,015] [] [pool-1-thread-1] [INFO] [o.m.d.connection] [Opened connection [connectionId{localValue:1}] to nonprod-mongodb-ct-mongos0.us-west-2.cbt-aws-cwt.com:27017]
[2018-04-24 17:52:54,015] [] [cluster-ClusterId{value='5adefe728d38f02f0efbd0e2', description='null'}-nonprod-mongodb-ct-mongos0.us-west-2.cbt-aws-cwt.com:27017] [INFO] [o.m.d.connection] [Opened connection [connectionId{localValue:2}] to nonprod-mongodb-ct-mongos0.us-west-2.cbt-aws-cwt.com:27017]
[2018-04-24 17:52:54,095] [] [main] [INFO] [o.s.w.s.m.m.a.RequestMappingHandlerMapping] [Mapped "{[/app-info],methods=[GET],produces=[application/json;charset=UTF-8]}" onto public java.util.Map<java.lang.String, java.lang.String> com.cwt.bpg.cbt.services.rest.AppInfoResource.appInfo()]
[2018-04-24 17:52:54,114] [] [main] [INFO] [o.s.w.s.m.m.a.RequestMappingHandlerMapping] [Mapped "{[/service-fees],methods=[POST],consumes=[application/json;charset=UTF-8],produces=[application/json;charset=UTF-8]}" onto public org.springframework.http.ResponseEntity<com.cwt.bpg.cbt.service.fee.model.PriceBreakdown> com.cwt.bpg.cbt.service.fee.ServiceFeeController.calculatePriceInput(com.cwt.bpg.cbt.service.fee.model.PriceCalculationInput)]
[2018-04-24 17:52:54,126] [] [main] [INFO] [o.s.w.s.m.m.a.RequestMappingHandlerMapping] [Mapped "{[/products/{countryCode}],methods=[GET],produces=[application/json;charset=UTF-8]}" onto public org.springframework.http.ResponseEntity<java.util.List<com.cwt.bpg.cbt.exchange.order.model.Product>> com.cwt.bpg.cbt.exchange.order.ProductsController.getProducts(java.lang.String)]
[2018-04-24 17:52:54,135] [] [main] [INFO] [o.s.w.s.m.m.a.RequestMappingHandlerMapping] [Mapped "{[/other-service-fees/misc-fees],methods=[POST],consumes=[application/json;charset=UTF-8],produces=[application/json;charset=UTF-8]}" onto public org.springframework.http.ResponseEntity<com.cwt.bpg.cbt.exchange.order.model.FeesBreakdown> com.cwt.bpg.cbt.exchange.order.OtherServiceFeesController.computeMiscellaneousFee(com.cwt.bpg.cbt.exchange.order.model.OtherServiceFeesInput)]
[2018-04-24 17:52:54,136] [] [main] [INFO] [o.s.w.s.m.m.a.RequestMappingHandlerMapping] [Mapped "{[/other-service-fees/air-fees],methods=[POST],consumes=[application/json;charset=UTF-8],produces=[application/json;charset=UTF-8]}" onto public org.springframework.http.ResponseEntity<com.cwt.bpg.cbt.exchange.order.model.FeesBreakdown> com.cwt.bpg.cbt.exchange.order.OtherServiceFeesController.computeAirFees(com.cwt.bpg.cbt.exchange.order.model.OtherServiceFeesInput)]
[2018-04-24 17:52:54,138] [] [main] [INFO] [o.s.w.s.m.m.a.RequestMappingHandlerMapping] [Mapped "{[/merchant/currency/{currencyCode}],methods=[GET]}" onto public org.springframework.http.ResponseEntity<com.cwt.bpg.cbt.exchange.order.model.CurrencyCodeRoundRule> com.cwt.bpg.cbt.exchange.order.MerchantFeeController.getCurrency(java.lang.String)]
[2018-04-24 17:52:54,139] [] [main] [INFO] [o.s.w.s.m.m.a.RequestMappingHandlerMapping] [Mapped "{[/merchant/{countryCode}],methods=[POST]}" onto public org.springframework.http.ResponseEntity<com.cwt.bpg.cbt.exchange.order.model.MerchantFee> com.cwt.bpg.cbt.exchange.order.MerchantFeeController.updateMerchantFee(java.lang.String,com.cwt.bpg.cbt.exchange.order.model.MerchantFee)]
[2018-04-24 17:52:54,141] [] [main] [INFO] [o.s.w.s.m.m.a.RequestMappingHandlerMapping] [Mapped "{[/merchant/{countryCode}/{clientType}/{productName}],methods=[GET]}" onto public org.springframework.http.ResponseEntity<com.cwt.bpg.cbt.exchange.order.model.MerchantFee> com.cwt.bpg.cbt.exchange.order.MerchantFeeController.getMerchantFee(java.lang.String,java.lang.String,java.lang.String)]
[2018-04-24 17:52:54,155] [] [main] [INFO] [o.s.w.s.m.m.a.RequestMappingHandlerMapping] [Mapped "{[/swagger-resources]}" onto public org.springframework.http.ResponseEntity<java.util.List<springfox.documentation.swagger.web.SwaggerResource>> springfox.documentation.swagger.web.ApiResourceController.swaggerResources()]
[2018-04-24 17:52:54,158] [] [main] [INFO] [o.s.w.s.m.m.a.RequestMappingHandlerMapping] [Mapped "{[/swagger-resources/configuration/ui]}" onto public org.springframework.http.ResponseEntity<springfox.documentation.swagger.web.UiConfiguration> springfox.documentation.swagger.web.ApiResourceController.uiConfiguration()]
[2018-04-24 17:52:54,161] [] [main] [INFO] [o.s.w.s.m.m.a.RequestMappingHandlerMapping] [Mapped "{[/swagger-resources/configuration/security]}" onto public org.springframework.http.ResponseEntity<springfox.documentation.swagger.web.SecurityConfiguration> springfox.documentation.swagger.web.ApiResourceController.securityConfiguration()]
[2018-04-24 17:52:54,179] [] [main] [INFO] [o.s.w.s.m.m.a.RequestMappingHandlerMapping] [Mapped "{[/error],produces=[text/html]}" onto public org.springframework.web.servlet.ModelAndView org.springframework.boot.autoconfigure.web.BasicErrorController.errorHtml(javax.servlet.http.HttpServletRequest,javax.servlet.http.HttpServletResponse)]
[2018-04-24 17:52:54,181] [] [main] [INFO] [o.s.w.s.m.m.a.RequestMappingHandlerMapping] [Mapped "{[/error]}" onto public org.springframework.http.ResponseEntity<java.util.Map<java.lang.String, java.lang.Object>> org.springframework.boot.autoconfigure.web.BasicErrorController.error(javax.servlet.http.HttpServletRequest)]
[2018-04-24 17:52:54,228] [] [cluster-ClusterId{value='5adefe728d38f02f0efbd0e2', description='null'}-nonprod-mongodb-ct-mongos0.us-west-2.cbt-aws-cwt.com:27017] [INFO] [o.m.d.cluster] [Monitor thread successfully connected to server with description ServerDescription{address=nonprod-mongodb-ct-mongos0.us-west-2.cbt-aws-cwt.com:27017, type=SHARD_ROUTER, state=CONNECTED, ok=true, version=ServerVersion{versionList=[3, 4, 7]}, minWireVersion=0, maxWireVersion=5, maxDocumentSize=16777216, roundTripTimeNanos=204704293}]
[2018-04-24 17:52:54,249] [] [cluster-ClusterId{value='5adefe728d38f02f0efbd0e2', description='null'}-nonprod-mongodb-ct-mongos0.us-west-2.cbt-aws-cwt.com:27017] [INFO] [o.m.d.cluster] [Discovered cluster type of SHARDED]
[2018-04-24 17:52:55,306] [] [main] [INFO] [o.s.b.a.e.m.EndpointHandlerMapping] [Mapped "{[/springbeans || /springbeans.json],methods=[GET],produces=[application/vnd.spring-boot.actuator.v1+json || application/json]}" onto public java.lang.Object org.springframework.boot.actuate.endpoint.mvc.EndpointMvcAdapter.invoke()]
[2018-04-24 17:52:55,312] [] [main] [INFO] [o.s.b.a.e.m.EndpointHandlerMapping] [Mapped "{[/dump || /dump.json],methods=[GET],produces=[application/vnd.spring-boot.actuator.v1+json || application/json]}" onto public java.lang.Object org.springframework.boot.actuate.endpoint.mvc.EndpointMvcAdapter.invoke()]
[2018-04-24 17:52:55,314] [] [main] [INFO] [o.s.b.a.e.m.EndpointHandlerMapping] [Mapped "{[/trace || /trace.json],methods=[GET],produces=[application/vnd.spring-boot.actuator.v1+json || application/json]}" onto public java.lang.Object org.springframework.boot.actuate.endpoint.mvc.EndpointMvcAdapter.invoke()]
[2018-04-24 17:52:55,320] [] [main] [INFO] [o.s.b.a.e.m.EndpointHandlerMapping] [Mapped "{[/metrics/{name:.*}],methods=[GET],produces=[application/vnd.spring-boot.actuator.v1+json || application/json]}" onto public java.lang.Object org.springframework.boot.actuate.endpoint.mvc.MetricsMvcEndpoint.value(java.lang.String)]
[2018-04-24 17:52:55,321] [] [main] [INFO] [o.s.b.a.e.m.EndpointHandlerMapping] [Mapped "{[/metrics || /metrics.json],methods=[GET],produces=[application/vnd.spring-boot.actuator.v1+json || application/json]}" onto public java.lang.Object org.springframework.boot.actuate.endpoint.mvc.EndpointMvcAdapter.invoke()]
[2018-04-24 17:52:55,332] [] [main] [INFO] [o.s.b.a.e.m.EndpointHandlerMapping] [Mapped "{[/heapdump || /heapdump.json],methods=[GET],produces=[application/octet-stream]}" onto public void org.springframework.boot.actuate.endpoint.mvc.HeapdumpMvcEndpoint.invoke(boolean,javax.servlet.http.HttpServletRequest,javax.servlet.http.HttpServletResponse) throws java.io.IOException,javax.servlet.ServletException]
[2018-04-24 17:52:55,340] [] [main] [INFO] [o.s.b.a.e.m.EndpointHandlerMapping] [Mapped "{[/health || /health.json],methods=[GET],produces=[application/vnd.spring-boot.actuator.v1+json || application/json]}" onto public java.lang.Object org.springframework.boot.actuate.endpoint.mvc.HealthMvcEndpoint.invoke(javax.servlet.http.HttpServletRequest,java.security.Principal)]
[2018-04-24 17:52:55,343] [] [main] [INFO] [o.s.b.a.e.m.EndpointHandlerMapping] [Mapped "{[/mappings || /mappings.json],methods=[GET],produces=[application/vnd.spring-boot.actuator.v1+json || application/json]}" onto public java.lang.Object org.springframework.boot.actuate.endpoint.mvc.EndpointMvcAdapter.invoke()]
[2018-04-24 17:52:55,350] [] [main] [INFO] [o.s.b.a.e.m.EndpointHandlerMapping] [Mapped "{[/autoconfig || /autoconfig.json],methods=[GET],produces=[application/vnd.spring-boot.actuator.v1+json || application/json]}" onto public java.lang.Object org.springframework.boot.actuate.endpoint.mvc.EndpointMvcAdapter.invoke()]
[2018-04-24 17:52:55,358] [] [main] [INFO] [o.s.b.a.e.m.EndpointHandlerMapping] [Mapped "{[/env/{name:.*}],methods=[GET],produces=[application/vnd.spring-boot.actuator.v1+json || application/json]}" onto public java.lang.Object org.springframework.boot.actuate.endpoint.mvc.EnvironmentMvcEndpoint.value(java.lang.String)]
[2018-04-24 17:52:55,360] [] [main] [INFO] [o.s.b.a.e.m.EndpointHandlerMapping] [Mapped "{[/env || /env.json],methods=[GET],produces=[application/vnd.spring-boot.actuator.v1+json || application/json]}" onto public java.lang.Object org.springframework.boot.actuate.endpoint.mvc.EndpointMvcAdapter.invoke()]
[2018-04-24 17:52:55,366] [] [main] [INFO] [o.s.b.a.e.m.EndpointHandlerMapping] [Mapped "{[/auditevents || /auditevents.json],methods=[GET],produces=[application/vnd.spring-boot.actuator.v1+json || application/json]}" onto public org.springframework.http.ResponseEntity<?> org.springframework.boot.actuate.endpoint.mvc.AuditEventsMvcEndpoint.findByPrincipalAndAfterAndType(java.lang.String,java.util.Date,java.lang.String)]
[2018-04-24 17:52:55,375] [] [main] [INFO] [o.s.b.a.e.m.EndpointHandlerMapping] [Mapped "{[/info || /info.json],methods=[GET],produces=[application/vnd.spring-boot.actuator.v1+json || application/json]}" onto public java.lang.Object org.springframework.boot.actuate.endpoint.mvc.EndpointMvcAdapter.invoke()]
[2018-04-24 17:52:55,378] [] [main] [INFO] [o.s.b.a.e.m.EndpointHandlerMapping] [Mapped "{[/configprops || /configprops.json],methods=[GET],produces=[application/vnd.spring-boot.actuator.v1+json || application/json]}" onto public java.lang.Object org.springframework.boot.actuate.endpoint.mvc.EndpointMvcAdapter.invoke()]
[2018-04-24 17:52:55,385] [] [main] [INFO] [o.s.b.a.e.m.EndpointHandlerMapping] [Mapped "{[/loggers/{name:.*}],methods=[GET],produces=[application/vnd.spring-boot.actuator.v1+json || application/json]}" onto public java.lang.Object org.springframework.boot.actuate.endpoint.mvc.LoggersMvcEndpoint.get(java.lang.String)]
[2018-04-24 17:52:55,390] [] [main] [INFO] [o.s.b.a.e.m.EndpointHandlerMapping] [Mapped "{[/loggers/{name:.*}],methods=[POST],consumes=[application/vnd.spring-boot.actuator.v1+json || application/json],produces=[application/vnd.spring-boot.actuator.v1+json || application/json]}" onto public java.lang.Object org.springframework.boot.actuate.endpoint.mvc.LoggersMvcEndpoint.set(java.lang.String,java.util.Map<java.lang.String, java.lang.String>)]
[2018-04-24 17:52:55,392] [] [main] [INFO] [o.s.b.a.e.m.EndpointHandlerMapping] [Mapped "{[/loggers || /loggers.json],methods=[GET],produces=[application/vnd.spring-boot.actuator.v1+json || application/json]}" onto public java.lang.Object org.springframework.boot.actuate.endpoint.mvc.EndpointMvcAdapter.invoke()]
[2018-04-24 17:52:56,412] [] [pool-1-thread-1] [INFO] [o.m.d.connection] [Opened connection [connectionId{localValue:3}] to nonprod-mongodb-ct-mongos0.us-west-2.cbt-aws-cwt.com:27017]
[2018-04-24 17:52:56,681] [] [main] [INFO] [o.s.b.a.s.AuthenticationManagerConfiguration] [

Using default security password: 5ae112f1-9123-435a-a43b-651b58776ba0
]
[2018-04-24 17:52:57,005] [] [main] [INFO] [o.s.s.w.DefaultSecurityFilterChain] [Creating filter chain: Ant [pattern='/app-info'], []]
[2018-04-24 17:52:57,007] [] [main] [INFO] [o.s.s.w.DefaultSecurityFilterChain] [Creating filter chain: Ant [pattern='/v2/api-docs'], []]
[2018-04-24 17:52:57,008] [] [main] [INFO] [o.s.s.w.DefaultSecurityFilterChain] [Creating filter chain: Ant [pattern='/configuration/**'], []]
[2018-04-24 17:52:57,008] [] [main] [INFO] [o.s.s.w.DefaultSecurityFilterChain] [Creating filter chain: Ant [pattern='/swagger-resources/**'], []]
[2018-04-24 17:52:57,008] [] [main] [INFO] [o.s.s.w.DefaultSecurityFilterChain] [Creating filter chain: Ant [pattern='/swagger-ui.html'], []]
[2018-04-24 17:52:57,008] [] [main] [INFO] [o.s.s.w.DefaultSecurityFilterChain] [Creating filter chain: Ant [pattern='/webjars/**'], []]
[2018-04-24 17:52:57,546] [] [main] [INFO] [o.s.s.w.DefaultSecurityFilterChain] [Creating filter chain: org.springframework.security.web.util.matcher.AnyRequestMatcher@1, [org.springframework.security.web.context.request.async.WebAsyncManagerIntegrationFilter@11a7ba62, org.springframework.security.web.context.SecurityContextPersistenceFilter@304a3655, org.springframework.security.web.header.HeaderWriterFilter@6ff37443, org.springframework.security.web.authentication.logout.LogoutFilter@23ee75c5, com.cwt.bpg.cbt.services.rest.security.AuthenticationFilter@340b7ef6, org.springframework.security.web.savedrequest.RequestCacheAwareFilter@12a160c2, org.springframework.security.web.servletapi.SecurityContextHolderAwareRequestFilter@2eb79cbe, org.springframework.security.web.authentication.AnonymousAuthenticationFilter@30404dba, org.springframework.security.web.session.SessionManagementFilter@6dd93a21, org.springframework.security.web.access.ExceptionTranslationFilter@7a799159]]
[2018-04-24 17:52:57,858] [] [main] [INFO] [s.d.s.w.PropertySourcedRequestMappingHandlerMapping] [Mapped URL path [/v2/api-docs] onto method [public org.springframework.http.ResponseEntity<springfox.documentation.spring.web.json.Json> springfox.documentation.swagger2.web.Swagger2Controller.getDocumentation(java.lang.String,javax.servlet.http.HttpServletRequest)]]
[2018-04-24 17:52:58,815] [] [pool-1-thread-1] [INFO] [o.m.d.connection] [Opened connection [connectionId{localValue:4}] to nonprod-mongodb-ct-mongos0.us-west-2.cbt-aws-cwt.com:27017]
[2018-04-24 17:52:59,031] [] [main] [INFO] [o.s.w.s.m.m.a.RequestMappingHandlerAdapter] [Looking for @ControllerAdvice: org.springframework.boot.context.embedded.AnnotationConfigEmbeddedWebApplicationContext@48ae9b55: startup date [Tue Apr 24 17:52:36 PHT 2018]; root of context hierarchy]
[2018-04-24 17:52:59,594] [] [main] [INFO] [o.s.w.s.h.SimpleUrlHandlerMapping] [Mapped URL path [/webjars/**] onto handler of type [class org.springframework.web.servlet.resource.ResourceHttpRequestHandler]]
[2018-04-24 17:52:59,594] [] [main] [INFO] [o.s.w.s.h.SimpleUrlHandlerMapping] [Mapped URL path [/**] onto handler of type [class org.springframework.web.servlet.resource.ResourceHttpRequestHandler]]
[2018-04-24 17:52:59,877] [] [main] [INFO] [o.s.w.s.h.SimpleUrlHandlerMapping] [Mapped URL path [/**/favicon.ico] onto handler of type [class org.springframework.web.servlet.resource.ResourceHttpRequestHandler]]
[2018-04-24 17:53:01,603] [] [main] [INFO] [o.s.j.e.a.AnnotationMBeanExporter] [Registering beans for JMX exposure on startup]
[2018-04-24 17:53:01,631] [] [main] [INFO] [o.s.b.a.e.j.EndpointMBeanExporter] [Registering beans for JMX exposure on startup]
[2018-04-24 17:53:01,645] [] [main] [INFO] [o.s.c.s.DefaultLifecycleProcessor] [Starting beans in phase 0]
[2018-04-24 17:53:01,659] [] [main] [INFO] [o.s.b.a.e.j.EndpointMBeanExporter] [Located managed bean 'auditEventsEndpoint': registering with JMX server as MBean [org.springframework.boot:type=Endpoint,name=auditEventsEndpoint]]
[2018-04-24 17:53:01,728] [] [main] [INFO] [o.s.b.a.e.j.EndpointMBeanExporter] [Located managed bean 'requestMappingEndpoint': registering with JMX server as MBean [org.springframework.boot:type=Endpoint,name=requestMappingEndpoint]]
[2018-04-24 17:53:01,790] [] [main] [INFO] [o.s.b.a.e.j.EndpointMBeanExporter] [Located managed bean 'environmentEndpoint': registering with JMX server as MBean [org.springframework.boot:type=Endpoint,name=environmentEndpoint]]
[2018-04-24 17:53:01,818] [] [main] [INFO] [o.s.b.a.e.j.EndpointMBeanExporter] [Located managed bean 'healthEndpoint': registering with JMX server as MBean [org.springframework.boot:type=Endpoint,name=healthEndpoint]]
[2018-04-24 17:53:01,830] [] [main] [INFO] [o.s.b.a.e.j.EndpointMBeanExporter] [Located managed bean 'beansEndpoint': registering with JMX server as MBean [org.springframework.boot:type=Endpoint,name=beansEndpoint]]
[2018-04-24 17:53:01,848] [] [main] [INFO] [o.s.b.a.e.j.EndpointMBeanExporter] [Located managed bean 'infoEndpoint': registering with JMX server as MBean [org.springframework.boot:type=Endpoint,name=infoEndpoint]]
[2018-04-24 17:53:01,860] [] [main] [INFO] [o.s.b.a.e.j.EndpointMBeanExporter] [Located managed bean 'loggersEndpoint': registering with JMX server as MBean [org.springframework.boot:type=Endpoint,name=loggersEndpoint]]
[2018-04-24 17:53:01,895] [] [main] [INFO] [o.s.b.a.e.j.EndpointMBeanExporter] [Located managed bean 'metricsEndpoint': registering with JMX server as MBean [org.springframework.boot:type=Endpoint,name=metricsEndpoint]]
[2018-04-24 17:53:01,910] [] [main] [INFO] [o.s.b.a.e.j.EndpointMBeanExporter] [Located managed bean 'traceEndpoint': registering with JMX server as MBean [org.springframework.boot:type=Endpoint,name=traceEndpoint]]
[2018-04-24 17:53:01,926] [] [main] [INFO] [o.s.b.a.e.j.EndpointMBeanExporter] [Located managed bean 'dumpEndpoint': registering with JMX server as MBean [org.springframework.boot:type=Endpoint,name=dumpEndpoint]]
[2018-04-24 17:53:01,931] [] [main] [INFO] [o.s.b.a.e.j.EndpointMBeanExporter] [Located managed bean 'autoConfigurationReportEndpoint': registering with JMX server as MBean [org.springframework.boot:type=Endpoint,name=autoConfigurationReportEndpoint]]
[2018-04-24 17:53:01,942] [] [main] [INFO] [o.s.b.a.e.j.EndpointMBeanExporter] [Located managed bean 'configurationPropertiesReportEndpoint': registering with JMX server as MBean [org.springframework.boot:type=Endpoint,name=configurationPropertiesReportEndpoint]]
[2018-04-24 17:53:01,953] [] [main] [INFO] [o.s.c.s.DefaultLifecycleProcessor] [Starting beans in phase 2147483647]
[2018-04-24 17:53:01,954] [] [main] [INFO] [s.d.s.w.p.DocumentationPluginsBootstrapper] [Context refreshed]
[2018-04-24 17:53:02,046] [] [main] [INFO] [s.d.s.w.p.DocumentationPluginsBootstrapper] [Found 2 custom documentation plugin(s)]
[2018-04-24 17:53:02,232] [] [main] [INFO] [s.d.s.w.s.ApiListingReferenceScanner] [Scanning for api listing references]
[2018-04-24 17:53:03,097] [] [main] [INFO] [s.d.s.w.s.ApiListingReferenceScanner] [Scanning for api listing references]
[2018-04-24 17:53:03,115] [] [main] [INFO] [s.d.s.w.r.o.CachingOperationNameGenerator] [Generating unique operation named: appInfoUsingGET_1]
[2018-04-24 17:53:03,185] [] [main] [INFO] [s.d.s.w.r.o.CachingOperationNameGenerator] [Generating unique operation named: findByPrincipalAndAfterAndTypeUsingGET_1]
[2018-04-24 17:53:03,204] [] [main] [INFO] [s.d.s.w.r.o.CachingOperationNameGenerator] [Generating unique operation named: invokeUsingGET_1]
[2018-04-24 17:53:03,209] [] [main] [INFO] [s.d.s.w.r.o.CachingOperationNameGenerator] [Generating unique operation named: invokeUsingGET_2]
[2018-04-24 17:53:03,219] [] [main] [INFO] [s.d.s.w.r.o.CachingOperationNameGenerator] [Generating unique operation named: invokeUsingGET_3]
[2018-04-24 17:53:03,229] [] [main] [INFO] [s.d.s.w.r.o.CachingOperationNameGenerator] [Generating unique operation named: invokeUsingGET_4]
[2018-04-24 17:53:03,236] [] [main] [INFO] [s.d.s.w.r.o.CachingOperationNameGenerator] [Generating unique operation named: invokeUsingGET_5]
[2018-04-24 17:53:03,247] [] [main] [INFO] [s.d.s.w.r.o.CachingOperationNameGenerator] [Generating unique operation named: invokeUsingGET_6]
[2018-04-24 17:53:03,251] [] [main] [INFO] [s.d.s.w.r.o.CachingOperationNameGenerator] [Generating unique operation named: invokeUsingGET_7]
[2018-04-24 17:53:03,264] [] [main] [INFO] [s.d.s.w.r.o.CachingOperationNameGenerator] [Generating unique operation named: invokeUsingGET_8]
[2018-04-24 17:53:03,275] [] [main] [INFO] [s.d.s.w.r.o.CachingOperationNameGenerator] [Generating unique operation named: invokeUsingGET_9]
[2018-04-24 17:53:03,280] [] [main] [INFO] [s.d.s.w.r.o.CachingOperationNameGenerator] [Generating unique operation named: invokeUsingGET_10]
[2018-04-24 17:53:03,290] [] [main] [INFO] [s.d.s.w.r.o.CachingOperationNameGenerator] [Generating unique operation named: invokeUsingGET_11]
[2018-04-24 17:53:03,298] [] [main] [INFO] [s.d.s.w.r.o.CachingOperationNameGenerator] [Generating unique operation named: invokeUsingGET_12]
[2018-04-24 17:53:03,304] [] [main] [INFO] [s.d.s.w.r.o.CachingOperationNameGenerator] [Generating unique operation named: invokeUsingGET_13]
[2018-04-24 17:53:03,310] [] [main] [INFO] [s.d.s.w.r.o.CachingOperationNameGenerator] [Generating unique operation named: invokeUsingGET_14]
[2018-04-24 17:53:03,317] [] [main] [INFO] [s.d.s.w.r.o.CachingOperationNameGenerator] [Generating unique operation named: invokeUsingGET_15]
[2018-04-24 17:53:03,396] [] [main] [INFO] [s.d.s.w.r.o.CachingOperationNameGenerator] [Generating unique operation named: invokeUsingGET_16]
[2018-04-24 17:53:03,412] [] [main] [INFO] [s.d.s.w.r.o.CachingOperationNameGenerator] [Generating unique operation named: invokeUsingGET_17]
[2018-04-24 17:53:03,458] [] [main] [INFO] [s.d.s.w.r.o.CachingOperationNameGenerator] [Generating unique operation named: invokeUsingGET_18]
[2018-04-24 17:53:03,473] [] [main] [INFO] [s.d.s.w.r.o.CachingOperationNameGenerator] [Generating unique operation named: invokeUsingGET_19]
[2018-04-24 17:53:03,497] [] [main] [INFO] [s.d.s.w.r.o.CachingOperationNameGenerator] [Generating unique operation named: invokeUsingGET_20]
[2018-04-24 17:53:03,501] [] [main] [INFO] [s.d.s.w.r.o.CachingOperationNameGenerator] [Generating unique operation named: invokeUsingGET_21]
[2018-04-24 17:53:03,640] [] [main] [INFO] [s.d.s.w.r.o.CachingOperationNameGenerator] [Generating unique operation named: invokeUsingGET_22]
[2018-04-24 17:53:03,647] [] [main] [INFO] [s.d.s.w.r.o.CachingOperationNameGenerator] [Generating unique operation named: invokeUsingGET_23]
[2018-04-24 17:53:03,663] [] [main] [INFO] [s.d.s.w.r.o.CachingOperationNameGenerator] [Generating unique operation named: valueUsingGET_1]
[2018-04-24 17:53:03,692] [] [main] [INFO] [s.d.s.w.r.o.CachingOperationNameGenerator] [Generating unique operation named: computeAirFeesUsingPOST_1]
[2018-04-24 17:53:03,701] [] [main] [INFO] [s.d.s.w.r.o.CachingOperationNameGenerator] [Generating unique operation named: computeMiscellaneousFeeUsingPOST_1]
[2018-04-24 17:53:03,743] [] [main] [INFO] [s.d.s.w.r.o.CachingOperationNameGenerator] [Generating unique operation named: getProductsUsingGET_1]
[2018-04-24 17:53:03,782] [] [main] [INFO] [s.d.s.w.r.o.CachingOperationNameGenerator] [Generating unique operation named: calculatePriceInputUsingPOST_1]
[2018-04-24 17:53:03,887] [] [main] [INFO] [o.a.c.h.Http11NioProtocol] [Initializing ProtocolHandler ["http-nio-8080"]]
[2018-04-24 17:53:03,969] [] [main] [INFO] [o.a.c.h.Http11NioProtocol] [Starting ProtocolHandler ["http-nio-8080"]]
[2018-04-24 17:53:03,979] [] [main] [INFO] [o.a.t.u.n.NioSelectorPool] [Using a shared selector for servlet write/read]
[2018-04-24 17:53:04,111] [] [main] [INFO] [o.s.b.c.e.t.TomcatEmbeddedServletContainer] [Tomcat started on port(s): 8080 (http)]
[2018-04-24 17:53:04,137] [] [main] [INFO] [c.c.b.c.Application] [Started Application in 29.939 seconds (JVM running for 32.648)]
[2018-04-24 17:53:32,442] [] [http-nio-8080-exec-2] [INFO] [o.a.c.c.C.[.[.[/apac-services-rest/api]] [Initializing Spring FrameworkServlet 'dispatcherServlet']
[2018-04-24 17:53:32,447] [] [http-nio-8080-exec-2] [INFO] [o.s.w.s.DispatcherServlet] [FrameworkServlet 'dispatcherServlet': initialization started]
[2018-04-24 17:53:32,566] [] [http-nio-8080-exec-2] [INFO] [o.s.w.s.DispatcherServlet] [FrameworkServlet 'dispatcherServlet': initialization completed in 118 ms]
[2018-04-24 17:53:32,795] [] [http-nio-8080-exec-2] [DEBUG] [o.m.d.p.command] [Sending command {find : BsonString{value='apacTokens'}} to database contact-tracking-dev on connection [connectionId{localValue:4}] to server nonprod-mongodb-ct-mongos0.us-west-2.cbt-aws-cwt.com:27017]
[2018-04-24 17:53:33,128] [] [http-nio-8080-exec-2] [DEBUG] [o.m.d.p.command] [Command execution completed]
[2018-04-24 17:53:50,793] [] [pool-1-thread-1] [DEBUG] [o.m.d.connection] [Pruning pooled connections to nonprod-mongodb-ct-mongos0.us-west-2.cbt-aws-cwt.com:27017]
[2018-04-24 17:53:50,794] [] [pool-1-thread-1] [DEBUG] [o.m.d.connection] [Ensuring minimum pooled connections to nonprod-mongodb-ct-mongos0.us-west-2.cbt-aws-cwt.com:27017]
[2018-04-24 17:54:50,792] [] [pool-1-thread-1] [DEBUG] [o.m.d.connection] [Pruning pooled connections to nonprod-mongodb-ct-mongos0.us-west-2.cbt-aws-cwt.com:27017]
[2018-04-24 17:54:50,795] [] [pool-1-thread-1] [INFO] [o.m.d.connection] [Closed connection [connectionId{localValue:1}] to nonprod-mongodb-ct-mongos0.us-west-2.cbt-aws-cwt.com:27017 because it is past its maximum allowed idle time.]
[2018-04-24 17:54:50,795] [] [pool-1-thread-1] [DEBUG] [o.m.d.connection] [Closing connection connectionId{localValue:1}]
[2018-04-24 17:54:50,800] [] [pool-1-thread-1] [INFO] [o.m.d.connection] [Closed connection [connectionId{localValue:3}] to nonprod-mongodb-ct-mongos0.us-west-2.cbt-aws-cwt.com:27017 because it is past its maximum allowed idle time.]
[2018-04-24 17:54:50,800] [] [pool-1-thread-1] [DEBUG] [o.m.d.connection] [Closing connection connectionId{localValue:3}]
[2018-04-24 17:54:50,802] [] [pool-1-thread-1] [INFO] [o.m.d.connection] [Closed connection [connectionId{localValue:4}] to nonprod-mongodb-ct-mongos0.us-west-2.cbt-aws-cwt.com:27017 because it is past its maximum allowed idle time.]
[2018-04-24 17:54:50,802] [] [pool-1-thread-1] [DEBUG] [o.m.d.connection] [Closing connection connectionId{localValue:4}]
[2018-04-24 17:54:50,803] [] [pool-1-thread-1] [DEBUG] [o.m.d.connection] [Ensuring minimum pooled connections to nonprod-mongodb-ct-mongos0.us-west-2.cbt-aws-cwt.com:27017]
[2018-04-24 17:54:53,988] [] [pool-1-thread-1] [INFO] [o.m.d.connection] [Opened connection [connectionId{localValue:5}] to nonprod-mongodb-ct-mongos0.us-west-2.cbt-aws-cwt.com:27017]
[2018-04-24 17:54:56,901] [] [pool-1-thread-1] [INFO] [o.m.d.connection] [Opened connection [connectionId{localValue:6}] to nonprod-mongodb-ct-mongos0.us-west-2.cbt-aws-cwt.com:27017]
[2018-04-24 17:54:59,736] [] [pool-1-thread-1] [INFO] [o.m.d.connection] [Opened connection [connectionId{localValue:7}] to nonprod-mongodb-ct-mongos0.us-west-2.cbt-aws-cwt.com:27017]
[2018-04-24 17:55:50,792] [] [pool-1-thread-1] [DEBUG] [o.m.d.connection] [Pruning pooled connections to nonprod-mongodb-ct-mongos0.us-west-2.cbt-aws-cwt.com:27017]
[2018-04-24 17:55:50,793] [] [pool-1-thread-1] [DEBUG] [o.m.d.connection] [Ensuring minimum pooled connections to nonprod-mongodb-ct-mongos0.us-west-2.cbt-aws-cwt.com:27017]
[2018-04-24 17:55:56,302] [] [http-nio-8080-exec-5] [DEBUG] [o.m.d.p.command] [Sending command {find : BsonString{value='apacTokens'}} to database contact-tracking-dev on connection [connectionId{localValue:7}] to server nonprod-mongodb-ct-mongos0.us-west-2.cbt-aws-cwt.com:27017]
[2018-04-24 17:55:56,577] [] [http-nio-8080-exec-5] [DEBUG] [o.m.d.p.command] [Command execution completed]
[2018-04-24 17:56:50,793] [] [pool-1-thread-1] [DEBUG] [o.m.d.connection] [Pruning pooled connections to nonprod-mongodb-ct-mongos0.us-west-2.cbt-aws-cwt.com:27017]
[2018-04-24 17:56:50,793] [] [pool-1-thread-1] [INFO] [o.m.d.connection] [Closed connection [connectionId{localValue:5}] to nonprod-mongodb-ct-mongos0.us-west-2.cbt-aws-cwt.com:27017 because it is past its maximum allowed idle time.]
[2018-04-24 17:56:50,794] [] [pool-1-thread-1] [DEBUG] [o.m.d.connection] [Closing connection connectionId{localValue:5}]
[2018-04-24 17:56:50,798] [] [pool-1-thread-1] [INFO] [o.m.d.connection] [Closed connection [connectionId{localValue:6}] to nonprod-mongodb-ct-mongos0.us-west-2.cbt-aws-cwt.com:27017 because it is past its maximum allowed idle time.]
[2018-04-24 17:56:50,798] [] [pool-1-thread-1] [DEBUG] [o.m.d.connection] [Closing connection connectionId{localValue:6}]
[2018-04-24 17:56:50,802] [] [pool-1-thread-1] [DEBUG] [o.m.d.connection] [Ensuring minimum pooled connections to nonprod-mongodb-ct-mongos0.us-west-2.cbt-aws-cwt.com:27017]
[2018-04-24 17:56:53,949] [] [pool-1-thread-1] [INFO] [o.m.d.connection] [Opened connection [connectionId{localValue:8}] to nonprod-mongodb-ct-mongos0.us-west-2.cbt-aws-cwt.com:27017]
[2018-04-24 17:56:56,557] [] [pool-1-thread-1] [INFO] [o.m.d.connection] [Opened connection [connectionId{localValue:9}] to nonprod-mongodb-ct-mongos0.us-west-2.cbt-aws-cwt.com:27017]
[2018-04-24 17:57:11,748] [] [http-nio-8080-exec-8] [DEBUG] [o.m.d.p.command] [Sending command {find : BsonString{value='apacTokens'}} to database contact-tracking-dev on connection [connectionId{localValue:9}] to server nonprod-mongodb-ct-mongos0.us-west-2.cbt-aws-cwt.com:27017]
[2018-04-24 17:57:12,027] [] [http-nio-8080-exec-8] [DEBUG] [o.m.d.p.command] [Command execution completed]
[2018-04-24 17:57:12,079] [] [http-nio-8080-exec-8] [DEBUG] [o.m.d.p.command] [Sending command {find : BsonString{value='apacProductList'}} to database contact-tracking-dev on connection [connectionId{localValue:9}] to server nonprod-mongodb-ct-mongos0.us-west-2.cbt-aws-cwt.com:27017]
[2018-04-24 17:57:13,203] [] [http-nio-8080-exec-8] [DEBUG] [o.m.d.p.command] [Command execution completed]
[2018-04-24 17:57:50,793] [] [pool-1-thread-1] [DEBUG] [o.m.d.connection] [Pruning pooled connections to nonprod-mongodb-ct-mongos0.us-west-2.cbt-aws-cwt.com:27017]
[2018-04-24 17:57:50,793] [] [pool-1-thread-1] [INFO] [o.m.d.connection] [Closed connection [connectionId{localValue:7}] to nonprod-mongodb-ct-mongos0.us-west-2.cbt-aws-cwt.com:27017 because it is past its maximum allowed idle time.]
[2018-04-24 17:57:50,793] [] [pool-1-thread-1] [DEBUG] [o.m.d.connection] [Closing connection connectionId{localValue:7}]
[2018-04-24 17:57:50,797] [] [pool-1-thread-1] [DEBUG] [o.m.d.connection] [Ensuring minimum pooled connections to nonprod-mongodb-ct-mongos0.us-west-2.cbt-aws-cwt.com:27017]
[2018-04-24 17:57:53,942] [] [pool-1-thread-1] [INFO] [o.m.d.connection] [Opened connection [connectionId{localValue:10}] to nonprod-mongodb-ct-mongos0.us-west-2.cbt-aws-cwt.com:27017]
[2018-04-24 17:58:50,792] [] [pool-1-thread-1] [DEBUG] [o.m.d.connection] [Pruning pooled connections to nonprod-mongodb-ct-mongos0.us-west-2.cbt-aws-cwt.com:27017]
[2018-04-24 17:58:50,792] [] [pool-1-thread-1] [INFO] [o.m.d.connection] [Closed connection [connectionId{localValue:8}] to nonprod-mongodb-ct-mongos0.us-west-2.cbt-aws-cwt.com:27017 because it is past its maximum allowed idle time.]
[2018-04-24 17:58:50,792] [] [pool-1-thread-1] [DEBUG] [o.m.d.connection] [Closing connection connectionId{localValue:8}]
[2018-04-24 17:58:50,793] [] [pool-1-thread-1] [INFO] [o.m.d.connection] [Closed connection [connectionId{localValue:9}] to nonprod-mongodb-ct-mongos0.us-west-2.cbt-aws-cwt.com:27017 because it is past its maximum allowed idle time.]
[2018-04-24 17:58:50,795] [] [pool-1-thread-1] [DEBUG] [o.m.d.connection] [Closing connection connectionId{localValue:9}]
[2018-04-24 17:58:50,795] [] [pool-1-thread-1] [DEBUG] [o.m.d.connection] [Ensuring minimum pooled connections to nonprod-mongodb-ct-mongos0.us-west-2.cbt-aws-cwt.com:27017]
[2018-04-24 17:58:53,659] [] [pool-1-thread-1] [INFO] [o.m.d.connection] [Opened connection [connectionId{localValue:11}] to nonprod-mongodb-ct-mongos0.us-west-2.cbt-aws-cwt.com:27017]
[2018-04-24 17:58:56,321] [] [pool-1-thread-1] [INFO] [o.m.d.connection] [Opened connection [connectionId{localValue:12}] to nonprod-mongodb-ct-mongos0.us-west-2.cbt-aws-cwt.com:27017]
[2018-04-24 17:59:50,793] [] [pool-1-thread-1] [DEBUG] [o.m.d.connection] [Pruning pooled connections to nonprod-mongodb-ct-mongos0.us-west-2.cbt-aws-cwt.com:27017]
[2018-04-24 17:59:50,793] [] [pool-1-thread-1] [INFO] [o.m.d.connection] [Closed connection [connectionId{localValue:10}] to nonprod-mongodb-ct-mongos0.us-west-2.cbt-aws-cwt.com:27017 because it is past its maximum allowed idle time.]
[2018-04-24 17:59:50,793] [] [pool-1-thread-1] [DEBUG] [o.m.d.connection] [Closing connection connectionId{localValue:10}]
[2018-04-24 17:59:50,797] [] [pool-1-thread-1] [DEBUG] [o.m.d.connection] [Ensuring minimum pooled connections to nonprod-mongodb-ct-mongos0.us-west-2.cbt-aws-cwt.com:27017]
[2018-04-24 17:59:53,479] [] [pool-1-thread-1] [INFO] [o.m.d.connection] [Opened connection [connectionId{localValue:13}] to nonprod-mongodb-ct-mongos0.us-west-2.cbt-aws-cwt.com:27017]
