[2018-04-24 18:00:50,793] [] [pool-1-thread-1] [DEBUG] [o.m.d.connection] [Pruning pooled connections to nonprod-mongodb-ct-mongos0.us-west-2.cbt-aws-cwt.com:27017]
[2018-04-24 18:00:50,793] [] [pool-1-thread-1] [INFO] [o.m.d.connection] [Closed connection [connectionId{localValue:11}] to nonprod-mongodb-ct-mongos0.us-west-2.cbt-aws-cwt.com:27017 because it is past its maximum allowed idle time.]
[2018-04-24 18:00:50,793] [] [pool-1-thread-1] [DEBUG] [o.m.d.connection] [Closing connection connectionId{localValue:11}]
[2018-04-24 18:00:50,797] [] [pool-1-thread-1] [INFO] [o.m.d.connection] [Closed connection [connectionId{localValue:12}] to nonprod-mongodb-ct-mongos0.us-west-2.cbt-aws-cwt.com:27017 because it is past its maximum allowed idle time.]
[2018-04-24 18:00:50,798] [] [pool-1-thread-1] [DEBUG] [o.m.d.connection] [Closing connection connectionId{localValue:12}]
[2018-04-24 18:00:50,804] [] [pool-1-thread-1] [DEBUG] [o.m.d.connection] [Ensuring minimum pooled connections to nonprod-mongodb-ct-mongos0.us-west-2.cbt-aws-cwt.com:27017]
[2018-04-24 18:00:53,791] [] [pool-1-thread-1] [INFO] [o.m.d.connection] [Opened connection [connectionId{localValue:14}] to nonprod-mongodb-ct-mongos0.us-west-2.cbt-aws-cwt.com:27017]
[2018-04-24 18:00:56,168] [] [pool-1-thread-1] [INFO] [o.m.d.connection] [Opened connection [connectionId{localValue:15}] to nonprod-mongodb-ct-mongos0.us-west-2.cbt-aws-cwt.com:27017]
[2018-04-24 18:01:50,792] [] [pool-1-thread-1] [DEBUG] [o.m.d.connection] [Pruning pooled connections to nonprod-mongodb-ct-mongos0.us-west-2.cbt-aws-cwt.com:27017]
[2018-04-24 18:01:50,793] [] [pool-1-thread-1] [INFO] [o.m.d.connection] [Closed connection [connectionId{localValue:13}] to nonprod-mongodb-ct-mongos0.us-west-2.cbt-aws-cwt.com:27017 because it is past its maximum allowed idle time.]
[2018-04-24 18:01:50,793] [] [pool-1-thread-1] [DEBUG] [o.m.d.connection] [Closing connection connectionId{localValue:13}]
[2018-04-24 18:01:50,794] [] [pool-1-thread-1] [DEBUG] [o.m.d.connection] [Ensuring minimum pooled connections to nonprod-mongodb-ct-mongos0.us-west-2.cbt-aws-cwt.com:27017]
[2018-04-24 18:01:53,455] [] [pool-1-thread-1] [INFO] [o.m.d.connection] [Opened connection [connectionId{localValue:16}] to nonprod-mongodb-ct-mongos0.us-west-2.cbt-aws-cwt.com:27017]
[2018-04-24 18:02:50,793] [] [pool-1-thread-1] [DEBUG] [o.m.d.connection] [Pruning pooled connections to nonprod-mongodb-ct-mongos0.us-west-2.cbt-aws-cwt.com:27017]
[2018-04-24 18:02:50,793] [] [pool-1-thread-1] [INFO] [o.m.d.connection] [Closed connection [connectionId{localValue:14}] to nonprod-mongodb-ct-mongos0.us-west-2.cbt-aws-cwt.com:27017 because it is past its maximum allowed idle time.]
[2018-04-24 18:02:50,793] [] [pool-1-thread-1] [DEBUG] [o.m.d.connection] [Closing connection connectionId{localValue:14}]
[2018-04-24 18:02:50,796] [] [pool-1-thread-1] [INFO] [o.m.d.connection] [Closed connection [connectionId{localValue:15}] to nonprod-mongodb-ct-mongos0.us-west-2.cbt-aws-cwt.com:27017 because it is past its maximum allowed idle time.]
[2018-04-24 18:02:50,796] [] [pool-1-thread-1] [DEBUG] [o.m.d.connection] [Closing connection connectionId{localValue:15}]
[2018-04-24 18:02:50,797] [] [pool-1-thread-1] [DEBUG] [o.m.d.connection] [Ensuring minimum pooled connections to nonprod-mongodb-ct-mongos0.us-west-2.cbt-aws-cwt.com:27017]
[2018-04-24 18:02:58,988] [] [pool-1-thread-1] [INFO] [o.m.d.connection] [Opened connection [connectionId{localValue:17}] to nonprod-mongodb-ct-mongos0.us-west-2.cbt-aws-cwt.com:27017]
[2018-04-24 18:03:01,800] [] [pool-1-thread-1] [INFO] [o.m.d.connection] [Opened connection [connectionId{localValue:18}] to nonprod-mongodb-ct-mongos0.us-west-2.cbt-aws-cwt.com:27017]
[2018-04-24 18:03:50,796] [] [pool-1-thread-1] [DEBUG] [o.m.d.connection] [Pruning pooled connections to nonprod-mongodb-ct-mongos0.us-west-2.cbt-aws-cwt.com:27017]
[2018-04-24 18:03:50,796] [] [pool-1-thread-1] [INFO] [o.m.d.connection] [Closed connection [connectionId{localValue:16}] to nonprod-mongodb-ct-mongos0.us-west-2.cbt-aws-cwt.com:27017 because it is past its maximum allowed idle time.]
[2018-04-24 18:03:50,797] [] [pool-1-thread-1] [DEBUG] [o.m.d.connection] [Closing connection connectionId{localValue:16}]
[2018-04-24 18:03:50,799] [] [pool-1-thread-1] [DEBUG] [o.m.d.connection] [Ensuring minimum pooled connections to nonprod-mongodb-ct-mongos0.us-west-2.cbt-aws-cwt.com:27017]
[2018-04-24 18:03:53,719] [] [pool-1-thread-1] [INFO] [o.m.d.connection] [Opened connection [connectionId{localValue:19}] to nonprod-mongodb-ct-mongos0.us-west-2.cbt-aws-cwt.com:27017]
[2018-04-24 18:04:50,821] [] [pool-1-thread-1] [DEBUG] [o.m.d.connection] [Pruning pooled connections to nonprod-mongodb-ct-mongos0.us-west-2.cbt-aws-cwt.com:27017]
[2018-04-24 18:04:50,821] [] [pool-1-thread-1] [INFO] [o.m.d.connection] [Closed connection [connectionId{localValue:17}] to nonprod-mongodb-ct-mongos0.us-west-2.cbt-aws-cwt.com:27017 because it is past its maximum allowed idle time.]
[2018-04-24 18:04:50,821] [] [pool-1-thread-1] [DEBUG] [o.m.d.connection] [Closing connection connectionId{localValue:17}]
[2018-04-24 18:04:50,825] [] [pool-1-thread-1] [INFO] [o.m.d.connection] [Closed connection [connectionId{localValue:18}] to nonprod-mongodb-ct-mongos0.us-west-2.cbt-aws-cwt.com:27017 because it is past its maximum allowed idle time.]
[2018-04-24 18:04:50,825] [] [pool-1-thread-1] [DEBUG] [o.m.d.connection] [Closing connection connectionId{localValue:18}]
[2018-04-24 18:04:50,829] [] [pool-1-thread-1] [DEBUG] [o.m.d.connection] [Ensuring minimum pooled connections to nonprod-mongodb-ct-mongos0.us-west-2.cbt-aws-cwt.com:27017]
[2018-04-24 18:04:53,817] [] [pool-1-thread-1] [INFO] [o.m.d.connection] [Opened connection [connectionId{localValue:20}] to nonprod-mongodb-ct-mongos0.us-west-2.cbt-aws-cwt.com:27017]
[2018-04-24 18:04:56,530] [] [pool-1-thread-1] [INFO] [o.m.d.connection] [Opened connection [connectionId{localValue:21}] to nonprod-mongodb-ct-mongos0.us-west-2.cbt-aws-cwt.com:27017]
[2018-04-24 18:05:50,792] [] [pool-1-thread-1] [DEBUG] [o.m.d.connection] [Pruning pooled connections to nonprod-mongodb-ct-mongos0.us-west-2.cbt-aws-cwt.com:27017]
[2018-04-24 18:05:50,792] [] [pool-1-thread-1] [INFO] [o.m.d.connection] [Closed connection [connectionId{localValue:19}] to nonprod-mongodb-ct-mongos0.us-west-2.cbt-aws-cwt.com:27017 because it is past its maximum allowed idle time.]
[2018-04-24 18:05:50,792] [] [pool-1-thread-1] [DEBUG] [o.m.d.connection] [Closing connection connectionId{localValue:19}]
[2018-04-24 18:05:50,796] [] [pool-1-thread-1] [DEBUG] [o.m.d.connection] [Ensuring minimum pooled connections to nonprod-mongodb-ct-mongos0.us-west-2.cbt-aws-cwt.com:27017]
[2018-04-24 18:05:53,592] [] [pool-1-thread-1] [INFO] [o.m.d.connection] [Opened connection [connectionId{localValue:22}] to nonprod-mongodb-ct-mongos0.us-west-2.cbt-aws-cwt.com:27017]
[2018-04-24 18:06:50,796] [] [pool-1-thread-1] [DEBUG] [o.m.d.connection] [Pruning pooled connections to nonprod-mongodb-ct-mongos0.us-west-2.cbt-aws-cwt.com:27017]
[2018-04-24 18:06:50,796] [] [pool-1-thread-1] [INFO] [o.m.d.connection] [Closed connection [connectionId{localValue:20}] to nonprod-mongodb-ct-mongos0.us-west-2.cbt-aws-cwt.com:27017 because it is past its maximum allowed idle time.]
[2018-04-24 18:06:50,796] [] [pool-1-thread-1] [DEBUG] [o.m.d.connection] [Closing connection connectionId{localValue:20}]
[2018-04-24 18:06:50,800] [] [pool-1-thread-1] [INFO] [o.m.d.connection] [Closed connection [connectionId{localValue:21}] to nonprod-mongodb-ct-mongos0.us-west-2.cbt-aws-cwt.com:27017 because it is past its maximum allowed idle time.]
[2018-04-24 18:06:50,801] [] [pool-1-thread-1] [DEBUG] [o.m.d.connection] [Closing connection connectionId{localValue:21}]
[2018-04-24 18:06:50,806] [] [pool-1-thread-1] [DEBUG] [o.m.d.connection] [Ensuring minimum pooled connections to nonprod-mongodb-ct-mongos0.us-west-2.cbt-aws-cwt.com:27017]
[2018-04-24 18:06:53,473] [] [pool-1-thread-1] [INFO] [o.m.d.connection] [Opened connection [connectionId{localValue:23}] to nonprod-mongodb-ct-mongos0.us-west-2.cbt-aws-cwt.com:27017]
[2018-04-24 18:06:55,878] [] [pool-1-thread-1] [INFO] [o.m.d.connection] [Opened connection [connectionId{localValue:24}] to nonprod-mongodb-ct-mongos0.us-west-2.cbt-aws-cwt.com:27017]
[2018-04-24 18:07:50,792] [] [pool-1-thread-1] [DEBUG] [o.m.d.connection] [Pruning pooled connections to nonprod-mongodb-ct-mongos0.us-west-2.cbt-aws-cwt.com:27017]
[2018-04-24 18:07:50,792] [] [pool-1-thread-1] [INFO] [o.m.d.connection] [Closed connection [connectionId{localValue:22}] to nonprod-mongodb-ct-mongos0.us-west-2.cbt-aws-cwt.com:27017 because it is past its maximum allowed idle time.]
[2018-04-24 18:07:50,792] [] [pool-1-thread-1] [DEBUG] [o.m.d.connection] [Closing connection connectionId{localValue:22}]
[2018-04-24 18:07:50,795] [] [pool-1-thread-1] [DEBUG] [o.m.d.connection] [Ensuring minimum pooled connections to nonprod-mongodb-ct-mongos0.us-west-2.cbt-aws-cwt.com:27017]
[2018-04-24 18:07:53,432] [] [pool-1-thread-1] [INFO] [o.m.d.connection] [Opened connection [connectionId{localValue:25}] to nonprod-mongodb-ct-mongos0.us-west-2.cbt-aws-cwt.com:27017]
[2018-04-24 18:08:50,793] [] [pool-1-thread-1] [DEBUG] [o.m.d.connection] [Pruning pooled connections to nonprod-mongodb-ct-mongos0.us-west-2.cbt-aws-cwt.com:27017]
[2018-04-24 18:08:50,793] [] [pool-1-thread-1] [INFO] [o.m.d.connection] [Closed connection [connectionId{localValue:23}] to nonprod-mongodb-ct-mongos0.us-west-2.cbt-aws-cwt.com:27017 because it is past its maximum allowed idle time.]
[2018-04-24 18:08:50,793] [] [pool-1-thread-1] [DEBUG] [o.m.d.connection] [Closing connection connectionId{localValue:23}]
[2018-04-24 18:08:50,794] [] [pool-1-thread-1] [INFO] [o.m.d.connection] [Closed connection [connectionId{localValue:24}] to nonprod-mongodb-ct-mongos0.us-west-2.cbt-aws-cwt.com:27017 because it is past its maximum allowed idle time.]
[2018-04-24 18:08:50,794] [] [pool-1-thread-1] [DEBUG] [o.m.d.connection] [Closing connection connectionId{localValue:24}]
[2018-04-24 18:08:50,795] [] [pool-1-thread-1] [DEBUG] [o.m.d.connection] [Ensuring minimum pooled connections to nonprod-mongodb-ct-mongos0.us-west-2.cbt-aws-cwt.com:27017]
[2018-04-24 18:08:53,754] [] [pool-1-thread-1] [INFO] [o.m.d.connection] [Opened connection [connectionId{localValue:26}] to nonprod-mongodb-ct-mongos0.us-west-2.cbt-aws-cwt.com:27017]
[2018-04-24 18:08:56,160] [] [pool-1-thread-1] [INFO] [o.m.d.connection] [Opened connection [connectionId{localValue:27}] to nonprod-mongodb-ct-mongos0.us-west-2.cbt-aws-cwt.com:27017]
[2018-04-24 18:09:50,793] [] [pool-1-thread-1] [DEBUG] [o.m.d.connection] [Pruning pooled connections to nonprod-mongodb-ct-mongos0.us-west-2.cbt-aws-cwt.com:27017]
[2018-04-24 18:09:50,793] [] [pool-1-thread-1] [INFO] [o.m.d.connection] [Closed connection [connectionId{localValue:25}] to nonprod-mongodb-ct-mongos0.us-west-2.cbt-aws-cwt.com:27017 because it is past its maximum allowed idle time.]
[2018-04-24 18:09:50,793] [] [pool-1-thread-1] [DEBUG] [o.m.d.connection] [Closing connection connectionId{localValue:25}]
[2018-04-24 18:09:50,795] [] [pool-1-thread-1] [DEBUG] [o.m.d.connection] [Ensuring minimum pooled connections to nonprod-mongodb-ct-mongos0.us-west-2.cbt-aws-cwt.com:27017]
[2018-04-24 18:09:53,531] [] [pool-1-thread-1] [INFO] [o.m.d.connection] [Opened connection [connectionId{localValue:28}] to nonprod-mongodb-ct-mongos0.us-west-2.cbt-aws-cwt.com:27017]
[2018-04-24 18:10:50,792] [] [pool-1-thread-1] [DEBUG] [o.m.d.connection] [Pruning pooled connections to nonprod-mongodb-ct-mongos0.us-west-2.cbt-aws-cwt.com:27017]
[2018-04-24 18:10:50,792] [] [pool-1-thread-1] [INFO] [o.m.d.connection] [Closed connection [connectionId{localValue:26}] to nonprod-mongodb-ct-mongos0.us-west-2.cbt-aws-cwt.com:27017 because it is past its maximum allowed idle time.]
[2018-04-24 18:10:50,792] [] [pool-1-thread-1] [DEBUG] [o.m.d.connection] [Closing connection connectionId{localValue:26}]
[2018-04-24 18:10:50,797] [] [pool-1-thread-1] [INFO] [o.m.d.connection] [Closed connection [connectionId{localValue:27}] to nonprod-mongodb-ct-mongos0.us-west-2.cbt-aws-cwt.com:27017 because it is past its maximum allowed idle time.]
[2018-04-24 18:10:50,797] [] [pool-1-thread-1] [DEBUG] [o.m.d.connection] [Closing connection connectionId{localValue:27}]
[2018-04-24 18:10:50,799] [] [pool-1-thread-1] [DEBUG] [o.m.d.connection] [Ensuring minimum pooled connections to nonprod-mongodb-ct-mongos0.us-west-2.cbt-aws-cwt.com:27017]
[2018-04-24 18:10:53,726] [] [pool-1-thread-1] [INFO] [o.m.d.connection] [Opened connection [connectionId{localValue:29}] to nonprod-mongodb-ct-mongos0.us-west-2.cbt-aws-cwt.com:27017]
[2018-04-24 18:10:56,131] [] [pool-1-thread-1] [INFO] [o.m.d.connection] [Opened connection [connectionId{localValue:30}] to nonprod-mongodb-ct-mongos0.us-west-2.cbt-aws-cwt.com:27017]
[2018-04-24 18:11:50,792] [] [pool-1-thread-1] [DEBUG] [o.m.d.connection] [Pruning pooled connections to nonprod-mongodb-ct-mongos0.us-west-2.cbt-aws-cwt.com:27017]
[2018-04-24 18:11:50,792] [] [pool-1-thread-1] [INFO] [o.m.d.connection] [Closed connection [connectionId{localValue:28}] to nonprod-mongodb-ct-mongos0.us-west-2.cbt-aws-cwt.com:27017 because it is past its maximum allowed idle time.]
[2018-04-24 18:11:50,792] [] [pool-1-thread-1] [DEBUG] [o.m.d.connection] [Closing connection connectionId{localValue:28}]
[2018-04-24 18:11:50,793] [] [pool-1-thread-1] [DEBUG] [o.m.d.connection] [Ensuring minimum pooled connections to nonprod-mongodb-ct-mongos0.us-west-2.cbt-aws-cwt.com:27017]
[2018-04-24 18:11:55,181] [] [pool-1-thread-1] [INFO] [o.m.d.connection] [Opened connection [connectionId{localValue:31}] to nonprod-mongodb-ct-mongos0.us-west-2.cbt-aws-cwt.com:27017]
[2018-04-24 18:12:50,792] [] [pool-1-thread-1] [DEBUG] [o.m.d.connection] [Pruning pooled connections to nonprod-mongodb-ct-mongos0.us-west-2.cbt-aws-cwt.com:27017]
[2018-04-24 18:12:50,793] [] [pool-1-thread-1] [INFO] [o.m.d.connection] [Closed connection [connectionId{localValue:29}] to nonprod-mongodb-ct-mongos0.us-west-2.cbt-aws-cwt.com:27017 because it is past its maximum allowed idle time.]
[2018-04-24 18:12:50,793] [] [pool-1-thread-1] [DEBUG] [o.m.d.connection] [Closing connection connectionId{localValue:29}]
[2018-04-24 18:12:50,794] [] [pool-1-thread-1] [INFO] [o.m.d.connection] [Closed connection [connectionId{localValue:30}] to nonprod-mongodb-ct-mongos0.us-west-2.cbt-aws-cwt.com:27017 because it is past its maximum allowed idle time.]
[2018-04-24 18:12:50,794] [] [pool-1-thread-1] [DEBUG] [o.m.d.connection] [Closing connection connectionId{localValue:30}]
[2018-04-24 18:12:50,795] [] [pool-1-thread-1] [DEBUG] [o.m.d.connection] [Ensuring minimum pooled connections to nonprod-mongodb-ct-mongos0.us-west-2.cbt-aws-cwt.com:27017]
[2018-04-24 18:12:53,798] [] [pool-1-thread-1] [INFO] [o.m.d.connection] [Opened connection [connectionId{localValue:32}] to nonprod-mongodb-ct-mongos0.us-west-2.cbt-aws-cwt.com:27017]
[2018-04-24 18:12:56,309] [] [pool-1-thread-1] [INFO] [o.m.d.connection] [Opened connection [connectionId{localValue:33}] to nonprod-mongodb-ct-mongos0.us-west-2.cbt-aws-cwt.com:27017]
[2018-04-24 18:13:50,792] [] [pool-1-thread-1] [DEBUG] [o.m.d.connection] [Pruning pooled connections to nonprod-mongodb-ct-mongos0.us-west-2.cbt-aws-cwt.com:27017]
[2018-04-24 18:13:50,792] [] [pool-1-thread-1] [INFO] [o.m.d.connection] [Closed connection [connectionId{localValue:31}] to nonprod-mongodb-ct-mongos0.us-west-2.cbt-aws-cwt.com:27017 because it is past its maximum allowed idle time.]
[2018-04-24 18:13:50,792] [] [pool-1-thread-1] [DEBUG] [o.m.d.connection] [Closing connection connectionId{localValue:31}]
[2018-04-24 18:13:50,793] [] [pool-1-thread-1] [DEBUG] [o.m.d.connection] [Ensuring minimum pooled connections to nonprod-mongodb-ct-mongos0.us-west-2.cbt-aws-cwt.com:27017]
[2018-04-24 18:13:53,575] [] [pool-1-thread-1] [INFO] [o.m.d.connection] [Opened connection [connectionId{localValue:34}] to nonprod-mongodb-ct-mongos0.us-west-2.cbt-aws-cwt.com:27017]
[2018-04-24 18:14:50,792] [] [pool-1-thread-1] [DEBUG] [o.m.d.connection] [Pruning pooled connections to nonprod-mongodb-ct-mongos0.us-west-2.cbt-aws-cwt.com:27017]
[2018-04-24 18:14:50,793] [] [pool-1-thread-1] [INFO] [o.m.d.connection] [Closed connection [connectionId{localValue:32}] to nonprod-mongodb-ct-mongos0.us-west-2.cbt-aws-cwt.com:27017 because it is past its maximum allowed idle time.]
[2018-04-24 18:14:50,793] [] [pool-1-thread-1] [DEBUG] [o.m.d.connection] [Closing connection connectionId{localValue:32}]
[2018-04-24 18:14:50,794] [] [pool-1-thread-1] [INFO] [o.m.d.connection] [Closed connection [connectionId{localValue:33}] to nonprod-mongodb-ct-mongos0.us-west-2.cbt-aws-cwt.com:27017 because it is past its maximum allowed idle time.]
[2018-04-24 18:14:50,794] [] [pool-1-thread-1] [DEBUG] [o.m.d.connection] [Closing connection connectionId{localValue:33}]
[2018-04-24 18:14:50,795] [] [pool-1-thread-1] [DEBUG] [o.m.d.connection] [Ensuring minimum pooled connections to nonprod-mongodb-ct-mongos0.us-west-2.cbt-aws-cwt.com:27017]
[2018-04-24 18:14:53,562] [] [pool-1-thread-1] [INFO] [o.m.d.connection] [Opened connection [connectionId{localValue:35}] to nonprod-mongodb-ct-mongos0.us-west-2.cbt-aws-cwt.com:27017]
[2018-04-24 18:14:56,074] [] [pool-1-thread-1] [INFO] [o.m.d.connection] [Opened connection [connectionId{localValue:36}] to nonprod-mongodb-ct-mongos0.us-west-2.cbt-aws-cwt.com:27017]
[2018-04-24 18:15:50,792] [] [pool-1-thread-1] [DEBUG] [o.m.d.connection] [Pruning pooled connections to nonprod-mongodb-ct-mongos0.us-west-2.cbt-aws-cwt.com:27017]
[2018-04-24 18:15:50,792] [] [pool-1-thread-1] [INFO] [o.m.d.connection] [Closed connection [connectionId{localValue:34}] to nonprod-mongodb-ct-mongos0.us-west-2.cbt-aws-cwt.com:27017 because it is past its maximum allowed idle time.]
[2018-04-24 18:15:50,792] [] [pool-1-thread-1] [DEBUG] [o.m.d.connection] [Closing connection connectionId{localValue:34}]
[2018-04-24 18:15:50,793] [] [pool-1-thread-1] [DEBUG] [o.m.d.connection] [Ensuring minimum pooled connections to nonprod-mongodb-ct-mongos0.us-west-2.cbt-aws-cwt.com:27017]
[2018-04-24 18:15:53,656] [] [pool-1-thread-1] [INFO] [o.m.d.connection] [Opened connection [connectionId{localValue:37}] to nonprod-mongodb-ct-mongos0.us-west-2.cbt-aws-cwt.com:27017]
[2018-04-24 18:16:50,792] [] [pool-1-thread-1] [DEBUG] [o.m.d.connection] [Pruning pooled connections to nonprod-mongodb-ct-mongos0.us-west-2.cbt-aws-cwt.com:27017]
[2018-04-24 18:16:50,793] [] [pool-1-thread-1] [INFO] [o.m.d.connection] [Closed connection [connectionId{localValue:35}] to nonprod-mongodb-ct-mongos0.us-west-2.cbt-aws-cwt.com:27017 because it is past its maximum allowed idle time.]
[2018-04-24 18:16:50,793] [] [pool-1-thread-1] [DEBUG] [o.m.d.connection] [Closing connection connectionId{localValue:35}]
[2018-04-24 18:16:50,800] [] [pool-1-thread-1] [INFO] [o.m.d.connection] [Closed connection [connectionId{localValue:36}] to nonprod-mongodb-ct-mongos0.us-west-2.cbt-aws-cwt.com:27017 because it is past its maximum allowed idle time.]
[2018-04-24 18:16:50,801] [] [pool-1-thread-1] [DEBUG] [o.m.d.connection] [Closing connection connectionId{localValue:36}]
[2018-04-24 18:16:50,803] [] [pool-1-thread-1] [DEBUG] [o.m.d.connection] [Ensuring minimum pooled connections to nonprod-mongodb-ct-mongos0.us-west-2.cbt-aws-cwt.com:27017]
[2018-04-24 18:16:53,645] [] [pool-1-thread-1] [INFO] [o.m.d.connection] [Opened connection [connectionId{localValue:38}] to nonprod-mongodb-ct-mongos0.us-west-2.cbt-aws-cwt.com:27017]
[2018-04-24 18:16:56,376] [] [pool-1-thread-1] [INFO] [o.m.d.connection] [Opened connection [connectionId{localValue:39}] to nonprod-mongodb-ct-mongos0.us-west-2.cbt-aws-cwt.com:27017]
[2018-04-24 18:17:50,793] [] [pool-1-thread-1] [DEBUG] [o.m.d.connection] [Pruning pooled connections to nonprod-mongodb-ct-mongos0.us-west-2.cbt-aws-cwt.com:27017]
[2018-04-24 18:17:50,793] [] [pool-1-thread-1] [INFO] [o.m.d.connection] [Closed connection [connectionId{localValue:37}] to nonprod-mongodb-ct-mongos0.us-west-2.cbt-aws-cwt.com:27017 because it is past its maximum allowed idle time.]
[2018-04-24 18:17:50,793] [] [pool-1-thread-1] [DEBUG] [o.m.d.connection] [Closing connection connectionId{localValue:37}]
[2018-04-24 18:17:50,796] [] [pool-1-thread-1] [DEBUG] [o.m.d.connection] [Ensuring minimum pooled connections to nonprod-mongodb-ct-mongos0.us-west-2.cbt-aws-cwt.com:27017]
[2018-04-24 18:17:53,490] [] [pool-1-thread-1] [INFO] [o.m.d.connection] [Opened connection [connectionId{localValue:40}] to nonprod-mongodb-ct-mongos0.us-west-2.cbt-aws-cwt.com:27017]
[2018-04-24 18:18:50,792] [] [pool-1-thread-1] [DEBUG] [o.m.d.connection] [Pruning pooled connections to nonprod-mongodb-ct-mongos0.us-west-2.cbt-aws-cwt.com:27017]
[2018-04-24 18:18:50,792] [] [pool-1-thread-1] [INFO] [o.m.d.connection] [Closed connection [connectionId{localValue:38}] to nonprod-mongodb-ct-mongos0.us-west-2.cbt-aws-cwt.com:27017 because it is past its maximum allowed idle time.]
[2018-04-24 18:18:50,792] [] [pool-1-thread-1] [DEBUG] [o.m.d.connection] [Closing connection connectionId{localValue:38}]
[2018-04-24 18:18:50,797] [] [pool-1-thread-1] [INFO] [o.m.d.connection] [Closed connection [connectionId{localValue:39}] to nonprod-mongodb-ct-mongos0.us-west-2.cbt-aws-cwt.com:27017 because it is past its maximum allowed idle time.]
[2018-04-24 18:18:50,797] [] [pool-1-thread-1] [DEBUG] [o.m.d.connection] [Closing connection connectionId{localValue:39}]
[2018-04-24 18:18:50,801] [] [pool-1-thread-1] [DEBUG] [o.m.d.connection] [Ensuring minimum pooled connections to nonprod-mongodb-ct-mongos0.us-west-2.cbt-aws-cwt.com:27017]
[2018-04-24 18:18:53,803] [] [pool-1-thread-1] [INFO] [o.m.d.connection] [Opened connection [connectionId{localValue:41}] to nonprod-mongodb-ct-mongos0.us-west-2.cbt-aws-cwt.com:27017]
[2018-04-24 18:18:56,314] [] [pool-1-thread-1] [INFO] [o.m.d.connection] [Opened connection [connectionId{localValue:42}] to nonprod-mongodb-ct-mongos0.us-west-2.cbt-aws-cwt.com:27017]
[2018-04-24 18:19:50,797] [] [pool-1-thread-1] [DEBUG] [o.m.d.connection] [Pruning pooled connections to nonprod-mongodb-ct-mongos0.us-west-2.cbt-aws-cwt.com:27017]
[2018-04-24 18:19:50,798] [] [pool-1-thread-1] [INFO] [o.m.d.connection] [Closed connection [connectionId{localValue:40}] to nonprod-mongodb-ct-mongos0.us-west-2.cbt-aws-cwt.com:27017 because it is past its maximum allowed idle time.]
[2018-04-24 18:19:50,798] [] [pool-1-thread-1] [DEBUG] [o.m.d.connection] [Closing connection connectionId{localValue:40}]
[2018-04-24 18:19:50,799] [] [pool-1-thread-1] [DEBUG] [o.m.d.connection] [Ensuring minimum pooled connections to nonprod-mongodb-ct-mongos0.us-west-2.cbt-aws-cwt.com:27017]
[2018-04-24 18:19:53,478] [] [pool-1-thread-1] [INFO] [o.m.d.connection] [Opened connection [connectionId{localValue:43}] to nonprod-mongodb-ct-mongos0.us-west-2.cbt-aws-cwt.com:27017]
[2018-04-24 18:20:50,792] [] [pool-1-thread-1] [DEBUG] [o.m.d.connection] [Pruning pooled connections to nonprod-mongodb-ct-mongos0.us-west-2.cbt-aws-cwt.com:27017]
[2018-04-24 18:20:50,792] [] [pool-1-thread-1] [INFO] [o.m.d.connection] [Closed connection [connectionId{localValue:41}] to nonprod-mongodb-ct-mongos0.us-west-2.cbt-aws-cwt.com:27017 because it is past its maximum allowed idle time.]
[2018-04-24 18:20:50,792] [] [pool-1-thread-1] [DEBUG] [o.m.d.connection] [Closing connection connectionId{localValue:41}]
[2018-04-24 18:20:50,796] [] [pool-1-thread-1] [INFO] [o.m.d.connection] [Closed connection [connectionId{localValue:42}] to nonprod-mongodb-ct-mongos0.us-west-2.cbt-aws-cwt.com:27017 because it is past its maximum allowed idle time.]
[2018-04-24 18:20:50,796] [] [pool-1-thread-1] [DEBUG] [o.m.d.connection] [Closing connection connectionId{localValue:42}]
[2018-04-24 18:20:50,800] [] [pool-1-thread-1] [DEBUG] [o.m.d.connection] [Ensuring minimum pooled connections to nonprod-mongodb-ct-mongos0.us-west-2.cbt-aws-cwt.com:27017]
[2018-04-24 18:20:53,670] [] [pool-1-thread-1] [INFO] [o.m.d.connection] [Opened connection [connectionId{localValue:44}] to nonprod-mongodb-ct-mongos0.us-west-2.cbt-aws-cwt.com:27017]
[2018-04-24 18:20:56,498] [] [pool-1-thread-1] [INFO] [o.m.d.connection] [Opened connection [connectionId{localValue:45}] to nonprod-mongodb-ct-mongos0.us-west-2.cbt-aws-cwt.com:27017]
[2018-04-24 18:21:50,798] [] [pool-1-thread-1] [DEBUG] [o.m.d.connection] [Pruning pooled connections to nonprod-mongodb-ct-mongos0.us-west-2.cbt-aws-cwt.com:27017]
[2018-04-24 18:21:50,799] [] [pool-1-thread-1] [INFO] [o.m.d.connection] [Closed connection [connectionId{localValue:43}] to nonprod-mongodb-ct-mongos0.us-west-2.cbt-aws-cwt.com:27017 because it is past its maximum allowed idle time.]
[2018-04-24 18:21:50,799] [] [pool-1-thread-1] [DEBUG] [o.m.d.connection] [Closing connection connectionId{localValue:43}]
[2018-04-24 18:21:50,800] [] [pool-1-thread-1] [DEBUG] [o.m.d.connection] [Ensuring minimum pooled connections to nonprod-mongodb-ct-mongos0.us-west-2.cbt-aws-cwt.com:27017]
[2018-04-24 18:21:53,663] [] [pool-1-thread-1] [INFO] [o.m.d.connection] [Opened connection [connectionId{localValue:46}] to nonprod-mongodb-ct-mongos0.us-west-2.cbt-aws-cwt.com:27017]
[2018-04-24 18:22:50,792] [] [pool-1-thread-1] [DEBUG] [o.m.d.connection] [Pruning pooled connections to nonprod-mongodb-ct-mongos0.us-west-2.cbt-aws-cwt.com:27017]
[2018-04-24 18:22:50,792] [] [pool-1-thread-1] [INFO] [o.m.d.connection] [Closed connection [connectionId{localValue:44}] to nonprod-mongodb-ct-mongos0.us-west-2.cbt-aws-cwt.com:27017 because it is past its maximum allowed idle time.]
[2018-04-24 18:22:50,792] [] [pool-1-thread-1] [DEBUG] [o.m.d.connection] [Closing connection connectionId{localValue:44}]
[2018-04-24 18:22:50,793] [] [pool-1-thread-1] [INFO] [o.m.d.connection] [Closed connection [connectionId{localValue:45}] to nonprod-mongodb-ct-mongos0.us-west-2.cbt-aws-cwt.com:27017 because it is past its maximum allowed idle time.]
[2018-04-24 18:22:50,793] [] [pool-1-thread-1] [DEBUG] [o.m.d.connection] [Closing connection connectionId{localValue:45}]
[2018-04-24 18:22:50,794] [] [pool-1-thread-1] [DEBUG] [o.m.d.connection] [Ensuring minimum pooled connections to nonprod-mongodb-ct-mongos0.us-west-2.cbt-aws-cwt.com:27017]
[2018-04-24 18:22:53,538] [] [pool-1-thread-1] [INFO] [o.m.d.connection] [Opened connection [connectionId{localValue:47}] to nonprod-mongodb-ct-mongos0.us-west-2.cbt-aws-cwt.com:27017]
[2018-04-24 18:22:56,045] [] [pool-1-thread-1] [INFO] [o.m.d.connection] [Opened connection [connectionId{localValue:48}] to nonprod-mongodb-ct-mongos0.us-west-2.cbt-aws-cwt.com:27017]
[2018-04-24 18:23:50,793] [] [pool-1-thread-1] [DEBUG] [o.m.d.connection] [Pruning pooled connections to nonprod-mongodb-ct-mongos0.us-west-2.cbt-aws-cwt.com:27017]
[2018-04-24 18:23:50,793] [] [pool-1-thread-1] [INFO] [o.m.d.connection] [Closed connection [connectionId{localValue:46}] to nonprod-mongodb-ct-mongos0.us-west-2.cbt-aws-cwt.com:27017 because it is past its maximum allowed idle time.]
[2018-04-24 18:23:50,793] [] [pool-1-thread-1] [DEBUG] [o.m.d.connection] [Closing connection connectionId{localValue:46}]
[2018-04-24 18:23:50,795] [] [pool-1-thread-1] [DEBUG] [o.m.d.connection] [Ensuring minimum pooled connections to nonprod-mongodb-ct-mongos0.us-west-2.cbt-aws-cwt.com:27017]
[2018-04-24 18:23:53,728] [] [pool-1-thread-1] [INFO] [o.m.d.connection] [Opened connection [connectionId{localValue:49}] to nonprod-mongodb-ct-mongos0.us-west-2.cbt-aws-cwt.com:27017]
[2018-04-24 18:24:50,792] [] [pool-1-thread-1] [DEBUG] [o.m.d.connection] [Pruning pooled connections to nonprod-mongodb-ct-mongos0.us-west-2.cbt-aws-cwt.com:27017]
[2018-04-24 18:24:50,792] [] [pool-1-thread-1] [INFO] [o.m.d.connection] [Closed connection [connectionId{localValue:47}] to nonprod-mongodb-ct-mongos0.us-west-2.cbt-aws-cwt.com:27017 because it is past its maximum allowed idle time.]
[2018-04-24 18:24:50,792] [] [pool-1-thread-1] [DEBUG] [o.m.d.connection] [Closing connection connectionId{localValue:47}]
[2018-04-24 18:24:50,793] [] [pool-1-thread-1] [INFO] [o.m.d.connection] [Closed connection [connectionId{localValue:48}] to nonprod-mongodb-ct-mongos0.us-west-2.cbt-aws-cwt.com:27017 because it is past its maximum allowed idle time.]
[2018-04-24 18:24:50,793] [] [pool-1-thread-1] [DEBUG] [o.m.d.connection] [Closing connection connectionId{localValue:48}]
[2018-04-24 18:24:50,794] [] [pool-1-thread-1] [DEBUG] [o.m.d.connection] [Ensuring minimum pooled connections to nonprod-mongodb-ct-mongos0.us-west-2.cbt-aws-cwt.com:27017]
[2018-04-24 18:24:53,606] [] [pool-1-thread-1] [INFO] [o.m.d.connection] [Opened connection [connectionId{localValue:50}] to nonprod-mongodb-ct-mongos0.us-west-2.cbt-aws-cwt.com:27017]
[2018-04-24 18:24:56,004] [] [pool-1-thread-1] [INFO] [o.m.d.connection] [Opened connection [connectionId{localValue:51}] to nonprod-mongodb-ct-mongos0.us-west-2.cbt-aws-cwt.com:27017]
[2018-04-24 18:25:50,799] [] [pool-1-thread-1] [DEBUG] [o.m.d.connection] [Pruning pooled connections to nonprod-mongodb-ct-mongos0.us-west-2.cbt-aws-cwt.com:27017]
[2018-04-24 18:25:50,799] [] [pool-1-thread-1] [INFO] [o.m.d.connection] [Closed connection [connectionId{localValue:49}] to nonprod-mongodb-ct-mongos0.us-west-2.cbt-aws-cwt.com:27017 because it is past its maximum allowed idle time.]
[2018-04-24 18:25:50,799] [] [pool-1-thread-1] [DEBUG] [o.m.d.connection] [Closing connection connectionId{localValue:49}]
[2018-04-24 18:25:50,800] [] [pool-1-thread-1] [DEBUG] [o.m.d.connection] [Ensuring minimum pooled connections to nonprod-mongodb-ct-mongos0.us-west-2.cbt-aws-cwt.com:27017]
[2018-04-24 18:25:53,698] [] [pool-1-thread-1] [INFO] [o.m.d.connection] [Opened connection [connectionId{localValue:52}] to nonprod-mongodb-ct-mongos0.us-west-2.cbt-aws-cwt.com:27017]
[2018-04-24 18:26:50,792] [] [pool-1-thread-1] [DEBUG] [o.m.d.connection] [Pruning pooled connections to nonprod-mongodb-ct-mongos0.us-west-2.cbt-aws-cwt.com:27017]
[2018-04-24 18:26:50,793] [] [pool-1-thread-1] [INFO] [o.m.d.connection] [Closed connection [connectionId{localValue:50}] to nonprod-mongodb-ct-mongos0.us-west-2.cbt-aws-cwt.com:27017 because it is past its maximum allowed idle time.]
[2018-04-24 18:26:50,793] [] [pool-1-thread-1] [DEBUG] [o.m.d.connection] [Closing connection connectionId{localValue:50}]
[2018-04-24 18:26:50,795] [] [pool-1-thread-1] [INFO] [o.m.d.connection] [Closed connection [connectionId{localValue:51}] to nonprod-mongodb-ct-mongos0.us-west-2.cbt-aws-cwt.com:27017 because it is past its maximum allowed idle time.]
[2018-04-24 18:26:50,795] [] [pool-1-thread-1] [DEBUG] [o.m.d.connection] [Closing connection connectionId{localValue:51}]
[2018-04-24 18:26:50,796] [] [pool-1-thread-1] [DEBUG] [o.m.d.connection] [Ensuring minimum pooled connections to nonprod-mongodb-ct-mongos0.us-west-2.cbt-aws-cwt.com:27017]
[2018-04-24 18:26:53,678] [] [pool-1-thread-1] [INFO] [o.m.d.connection] [Opened connection [connectionId{localValue:53}] to nonprod-mongodb-ct-mongos0.us-west-2.cbt-aws-cwt.com:27017]
[2018-04-24 18:26:56,083] [] [pool-1-thread-1] [INFO] [o.m.d.connection] [Opened connection [connectionId{localValue:54}] to nonprod-mongodb-ct-mongos0.us-west-2.cbt-aws-cwt.com:27017]
[2018-04-24 18:27:50,792] [] [pool-1-thread-1] [DEBUG] [o.m.d.connection] [Pruning pooled connections to nonprod-mongodb-ct-mongos0.us-west-2.cbt-aws-cwt.com:27017]
[2018-04-24 18:27:50,792] [] [pool-1-thread-1] [INFO] [o.m.d.connection] [Closed connection [connectionId{localValue:52}] to nonprod-mongodb-ct-mongos0.us-west-2.cbt-aws-cwt.com:27017 because it is past its maximum allowed idle time.]
[2018-04-24 18:27:50,792] [] [pool-1-thread-1] [DEBUG] [o.m.d.connection] [Closing connection connectionId{localValue:52}]
[2018-04-24 18:27:50,793] [] [pool-1-thread-1] [DEBUG] [o.m.d.connection] [Ensuring minimum pooled connections to nonprod-mongodb-ct-mongos0.us-west-2.cbt-aws-cwt.com:27017]
[2018-04-24 18:27:53,468] [] [pool-1-thread-1] [INFO] [o.m.d.connection] [Opened connection [connectionId{localValue:55}] to nonprod-mongodb-ct-mongos0.us-west-2.cbt-aws-cwt.com:27017]
[2018-04-24 18:28:50,792] [] [pool-1-thread-1] [DEBUG] [o.m.d.connection] [Pruning pooled connections to nonprod-mongodb-ct-mongos0.us-west-2.cbt-aws-cwt.com:27017]
[2018-04-24 18:28:50,792] [] [pool-1-thread-1] [INFO] [o.m.d.connection] [Closed connection [connectionId{localValue:53}] to nonprod-mongodb-ct-mongos0.us-west-2.cbt-aws-cwt.com:27017 because it is past its maximum allowed idle time.]
[2018-04-24 18:28:50,792] [] [pool-1-thread-1] [DEBUG] [o.m.d.connection] [Closing connection connectionId{localValue:53}]
[2018-04-24 18:28:50,796] [] [pool-1-thread-1] [INFO] [o.m.d.connection] [Closed connection [connectionId{localValue:54}] to nonprod-mongodb-ct-mongos0.us-west-2.cbt-aws-cwt.com:27017 because it is past its maximum allowed idle time.]
[2018-04-24 18:28:50,796] [] [pool-1-thread-1] [DEBUG] [o.m.d.connection] [Closing connection connectionId{localValue:54}]
[2018-04-24 18:28:50,798] [] [pool-1-thread-1] [DEBUG] [o.m.d.connection] [Ensuring minimum pooled connections to nonprod-mongodb-ct-mongos0.us-west-2.cbt-aws-cwt.com:27017]
[2018-04-24 18:28:53,587] [] [pool-1-thread-1] [INFO] [o.m.d.connection] [Opened connection [connectionId{localValue:56}] to nonprod-mongodb-ct-mongos0.us-west-2.cbt-aws-cwt.com:27017]
[2018-04-24 18:28:55,744] [] [pool-1-thread-1] [INFO] [o.m.d.connection] [Opened connection [connectionId{localValue:57}] to nonprod-mongodb-ct-mongos0.us-west-2.cbt-aws-cwt.com:27017]
[2018-04-24 18:29:50,792] [] [pool-1-thread-1] [DEBUG] [o.m.d.connection] [Pruning pooled connections to nonprod-mongodb-ct-mongos0.us-west-2.cbt-aws-cwt.com:27017]
[2018-04-24 18:29:50,792] [] [pool-1-thread-1] [INFO] [o.m.d.connection] [Closed connection [connectionId{localValue:55}] to nonprod-mongodb-ct-mongos0.us-west-2.cbt-aws-cwt.com:27017 because it is past its maximum allowed idle time.]
[2018-04-24 18:29:50,792] [] [pool-1-thread-1] [DEBUG] [o.m.d.connection] [Closing connection connectionId{localValue:55}]
[2018-04-24 18:29:50,793] [] [pool-1-thread-1] [DEBUG] [o.m.d.connection] [Ensuring minimum pooled connections to nonprod-mongodb-ct-mongos0.us-west-2.cbt-aws-cwt.com:27017]
[2018-04-24 18:29:53,532] [] [pool-1-thread-1] [INFO] [o.m.d.connection] [Opened connection [connectionId{localValue:58}] to nonprod-mongodb-ct-mongos0.us-west-2.cbt-aws-cwt.com:27017]
[2018-04-24 18:30:50,792] [] [pool-1-thread-1] [DEBUG] [o.m.d.connection] [Pruning pooled connections to nonprod-mongodb-ct-mongos0.us-west-2.cbt-aws-cwt.com:27017]
[2018-04-24 18:30:50,793] [] [pool-1-thread-1] [INFO] [o.m.d.connection] [Closed connection [connectionId{localValue:56}] to nonprod-mongodb-ct-mongos0.us-west-2.cbt-aws-cwt.com:27017 because it is past its maximum allowed idle time.]
[2018-04-24 18:30:50,793] [] [pool-1-thread-1] [DEBUG] [o.m.d.connection] [Closing connection connectionId{localValue:56}]
[2018-04-24 18:30:50,794] [] [pool-1-thread-1] [INFO] [o.m.d.connection] [Closed connection [connectionId{localValue:57}] to nonprod-mongodb-ct-mongos0.us-west-2.cbt-aws-cwt.com:27017 because it is past its maximum allowed idle time.]
[2018-04-24 18:30:50,794] [] [pool-1-thread-1] [DEBUG] [o.m.d.connection] [Closing connection connectionId{localValue:57}]
[2018-04-24 18:30:50,794] [] [pool-1-thread-1] [DEBUG] [o.m.d.connection] [Ensuring minimum pooled connections to nonprod-mongodb-ct-mongos0.us-west-2.cbt-aws-cwt.com:27017]
[2018-04-24 18:30:53,526] [] [pool-1-thread-1] [INFO] [o.m.d.connection] [Opened connection [connectionId{localValue:59}] to nonprod-mongodb-ct-mongos0.us-west-2.cbt-aws-cwt.com:27017]
[2018-04-24 18:30:55,928] [] [pool-1-thread-1] [INFO] [o.m.d.connection] [Opened connection [connectionId{localValue:60}] to nonprod-mongodb-ct-mongos0.us-west-2.cbt-aws-cwt.com:27017]
[2018-04-24 18:31:50,797] [] [pool-1-thread-1] [DEBUG] [o.m.d.connection] [Pruning pooled connections to nonprod-mongodb-ct-mongos0.us-west-2.cbt-aws-cwt.com:27017]
[2018-04-24 18:31:50,797] [] [pool-1-thread-1] [INFO] [o.m.d.connection] [Closed connection [connectionId{localValue:58}] to nonprod-mongodb-ct-mongos0.us-west-2.cbt-aws-cwt.com:27017 because it is past its maximum allowed idle time.]
[2018-04-24 18:31:50,797] [] [pool-1-thread-1] [DEBUG] [o.m.d.connection] [Closing connection connectionId{localValue:58}]
[2018-04-24 18:31:50,799] [] [pool-1-thread-1] [DEBUG] [o.m.d.connection] [Ensuring minimum pooled connections to nonprod-mongodb-ct-mongos0.us-west-2.cbt-aws-cwt.com:27017]
[2018-04-24 18:31:53,498] [] [pool-1-thread-1] [INFO] [o.m.d.connection] [Opened connection [connectionId{localValue:61}] to nonprod-mongodb-ct-mongos0.us-west-2.cbt-aws-cwt.com:27017]
[2018-04-24 18:32:50,792] [] [pool-1-thread-1] [DEBUG] [o.m.d.connection] [Pruning pooled connections to nonprod-mongodb-ct-mongos0.us-west-2.cbt-aws-cwt.com:27017]
[2018-04-24 18:32:50,792] [] [pool-1-thread-1] [INFO] [o.m.d.connection] [Closed connection [connectionId{localValue:59}] to nonprod-mongodb-ct-mongos0.us-west-2.cbt-aws-cwt.com:27017 because it is past its maximum allowed idle time.]
[2018-04-24 18:32:50,792] [] [pool-1-thread-1] [DEBUG] [o.m.d.connection] [Closing connection connectionId{localValue:59}]
[2018-04-24 18:32:50,793] [] [pool-1-thread-1] [INFO] [o.m.d.connection] [Closed connection [connectionId{localValue:60}] to nonprod-mongodb-ct-mongos0.us-west-2.cbt-aws-cwt.com:27017 because it is past its maximum allowed idle time.]
[2018-04-24 18:32:50,793] [] [pool-1-thread-1] [DEBUG] [o.m.d.connection] [Closing connection connectionId{localValue:60}]
[2018-04-24 18:32:50,793] [] [pool-1-thread-1] [DEBUG] [o.m.d.connection] [Ensuring minimum pooled connections to nonprod-mongodb-ct-mongos0.us-west-2.cbt-aws-cwt.com:27017]
[2018-04-24 18:32:53,898] [] [pool-1-thread-1] [INFO] [o.m.d.connection] [Opened connection [connectionId{localValue:62}] to nonprod-mongodb-ct-mongos0.us-west-2.cbt-aws-cwt.com:27017]
[2018-04-24 18:32:56,406] [] [pool-1-thread-1] [INFO] [o.m.d.connection] [Opened connection [connectionId{localValue:63}] to nonprod-mongodb-ct-mongos0.us-west-2.cbt-aws-cwt.com:27017]
[2018-04-24 18:33:50,792] [] [pool-1-thread-1] [DEBUG] [o.m.d.connection] [Pruning pooled connections to nonprod-mongodb-ct-mongos0.us-west-2.cbt-aws-cwt.com:27017]
[2018-04-24 18:33:50,793] [] [pool-1-thread-1] [INFO] [o.m.d.connection] [Closed connection [connectionId{localValue:61}] to nonprod-mongodb-ct-mongos0.us-west-2.cbt-aws-cwt.com:27017 because it is past its maximum allowed idle time.]
[2018-04-24 18:33:50,793] [] [pool-1-thread-1] [DEBUG] [o.m.d.connection] [Closing connection connectionId{localValue:61}]
[2018-04-24 18:33:50,794] [] [pool-1-thread-1] [DEBUG] [o.m.d.connection] [Ensuring minimum pooled connections to nonprod-mongodb-ct-mongos0.us-west-2.cbt-aws-cwt.com:27017]
[2018-04-24 18:33:53,789] [] [pool-1-thread-1] [INFO] [o.m.d.connection] [Opened connection [connectionId{localValue:64}] to nonprod-mongodb-ct-mongos0.us-west-2.cbt-aws-cwt.com:27017]
[2018-04-24 18:34:50,792] [] [pool-1-thread-1] [DEBUG] [o.m.d.connection] [Pruning pooled connections to nonprod-mongodb-ct-mongos0.us-west-2.cbt-aws-cwt.com:27017]
[2018-04-24 18:34:50,793] [] [pool-1-thread-1] [INFO] [o.m.d.connection] [Closed connection [connectionId{localValue:62}] to nonprod-mongodb-ct-mongos0.us-west-2.cbt-aws-cwt.com:27017 because it is past its maximum allowed idle time.]
[2018-04-24 18:34:50,793] [] [pool-1-thread-1] [DEBUG] [o.m.d.connection] [Closing connection connectionId{localValue:62}]
[2018-04-24 18:34:50,797] [] [pool-1-thread-1] [INFO] [o.m.d.connection] [Closed connection [connectionId{localValue:63}] to nonprod-mongodb-ct-mongos0.us-west-2.cbt-aws-cwt.com:27017 because it is past its maximum allowed idle time.]
[2018-04-24 18:34:50,797] [] [pool-1-thread-1] [DEBUG] [o.m.d.connection] [Closing connection connectionId{localValue:63}]
[2018-04-24 18:34:50,799] [] [pool-1-thread-1] [DEBUG] [o.m.d.connection] [Ensuring minimum pooled connections to nonprod-mongodb-ct-mongos0.us-west-2.cbt-aws-cwt.com:27017]
[2018-04-24 18:34:53,870] [] [pool-1-thread-1] [INFO] [o.m.d.connection] [Opened connection [connectionId{localValue:65}] to nonprod-mongodb-ct-mongos0.us-west-2.cbt-aws-cwt.com:27017]
[2018-04-24 18:34:56,464] [] [pool-1-thread-1] [INFO] [o.m.d.connection] [Opened connection [connectionId{localValue:66}] to nonprod-mongodb-ct-mongos0.us-west-2.cbt-aws-cwt.com:27017]
[2018-04-24 18:35:50,792] [] [pool-1-thread-1] [DEBUG] [o.m.d.connection] [Pruning pooled connections to nonprod-mongodb-ct-mongos0.us-west-2.cbt-aws-cwt.com:27017]
[2018-04-24 18:35:50,792] [] [pool-1-thread-1] [INFO] [o.m.d.connection] [Closed connection [connectionId{localValue:64}] to nonprod-mongodb-ct-mongos0.us-west-2.cbt-aws-cwt.com:27017 because it is past its maximum allowed idle time.]
[2018-04-24 18:35:50,792] [] [pool-1-thread-1] [DEBUG] [o.m.d.connection] [Closing connection connectionId{localValue:64}]
[2018-04-24 18:35:50,793] [] [pool-1-thread-1] [DEBUG] [o.m.d.connection] [Ensuring minimum pooled connections to nonprod-mongodb-ct-mongos0.us-west-2.cbt-aws-cwt.com:27017]
[2018-04-24 18:35:54,357] [] [pool-1-thread-1] [INFO] [o.m.d.connection] [Opened connection [connectionId{localValue:67}] to nonprod-mongodb-ct-mongos0.us-west-2.cbt-aws-cwt.com:27017]
[2018-04-24 18:36:50,792] [] [pool-1-thread-1] [DEBUG] [o.m.d.connection] [Pruning pooled connections to nonprod-mongodb-ct-mongos0.us-west-2.cbt-aws-cwt.com:27017]
[2018-04-24 18:36:50,793] [] [pool-1-thread-1] [INFO] [o.m.d.connection] [Closed connection [connectionId{localValue:65}] to nonprod-mongodb-ct-mongos0.us-west-2.cbt-aws-cwt.com:27017 because it is past its maximum allowed idle time.]
[2018-04-24 18:36:50,793] [] [pool-1-thread-1] [DEBUG] [o.m.d.connection] [Closing connection connectionId{localValue:65}]
[2018-04-24 18:36:50,793] [] [pool-1-thread-1] [INFO] [o.m.d.connection] [Closed connection [connectionId{localValue:66}] to nonprod-mongodb-ct-mongos0.us-west-2.cbt-aws-cwt.com:27017 because it is past its maximum allowed idle time.]
[2018-04-24 18:36:50,794] [] [pool-1-thread-1] [DEBUG] [o.m.d.connection] [Closing connection connectionId{localValue:66}]
[2018-04-24 18:36:50,794] [] [pool-1-thread-1] [DEBUG] [o.m.d.connection] [Ensuring minimum pooled connections to nonprod-mongodb-ct-mongos0.us-west-2.cbt-aws-cwt.com:27017]
[2018-04-24 18:36:53,843] [] [pool-1-thread-1] [INFO] [o.m.d.connection] [Opened connection [connectionId{localValue:68}] to nonprod-mongodb-ct-mongos0.us-west-2.cbt-aws-cwt.com:27017]
[2018-04-24 18:36:56,139] [] [pool-1-thread-1] [INFO] [o.m.d.connection] [Opened connection [connectionId{localValue:69}] to nonprod-mongodb-ct-mongos0.us-west-2.cbt-aws-cwt.com:27017]
[2018-04-24 18:37:50,794] [] [pool-1-thread-1] [DEBUG] [o.m.d.connection] [Pruning pooled connections to nonprod-mongodb-ct-mongos0.us-west-2.cbt-aws-cwt.com:27017]
[2018-04-24 18:37:50,794] [] [pool-1-thread-1] [INFO] [o.m.d.connection] [Closed connection [connectionId{localValue:67}] to nonprod-mongodb-ct-mongos0.us-west-2.cbt-aws-cwt.com:27017 because it is past its maximum allowed idle time.]
[2018-04-24 18:37:50,794] [] [pool-1-thread-1] [DEBUG] [o.m.d.connection] [Closing connection connectionId{localValue:67}]
[2018-04-24 18:37:50,798] [] [pool-1-thread-1] [DEBUG] [o.m.d.connection] [Ensuring minimum pooled connections to nonprod-mongodb-ct-mongos0.us-west-2.cbt-aws-cwt.com:27017]
[2018-04-24 18:37:53,436] [] [pool-1-thread-1] [INFO] [o.m.d.connection] [Opened connection [connectionId{localValue:70}] to nonprod-mongodb-ct-mongos0.us-west-2.cbt-aws-cwt.com:27017]
[2018-04-24 18:38:50,792] [] [pool-1-thread-1] [DEBUG] [o.m.d.connection] [Pruning pooled connections to nonprod-mongodb-ct-mongos0.us-west-2.cbt-aws-cwt.com:27017]
[2018-04-24 18:38:50,793] [] [pool-1-thread-1] [INFO] [o.m.d.connection] [Closed connection [connectionId{localValue:68}] to nonprod-mongodb-ct-mongos0.us-west-2.cbt-aws-cwt.com:27017 because it is past its maximum allowed idle time.]
[2018-04-24 18:38:50,793] [] [pool-1-thread-1] [DEBUG] [o.m.d.connection] [Closing connection connectionId{localValue:68}]
[2018-04-24 18:38:50,796] [] [pool-1-thread-1] [INFO] [o.m.d.connection] [Closed connection [connectionId{localValue:69}] to nonprod-mongodb-ct-mongos0.us-west-2.cbt-aws-cwt.com:27017 because it is past its maximum allowed idle time.]
[2018-04-24 18:38:50,797] [] [pool-1-thread-1] [DEBUG] [o.m.d.connection] [Closing connection connectionId{localValue:69}]
[2018-04-24 18:38:50,799] [] [pool-1-thread-1] [DEBUG] [o.m.d.connection] [Ensuring minimum pooled connections to nonprod-mongodb-ct-mongos0.us-west-2.cbt-aws-cwt.com:27017]
[2018-04-24 18:38:53,493] [] [pool-1-thread-1] [INFO] [o.m.d.connection] [Opened connection [connectionId{localValue:71}] to nonprod-mongodb-ct-mongos0.us-west-2.cbt-aws-cwt.com:27017]
[2018-04-24 18:38:55,792] [] [pool-1-thread-1] [INFO] [o.m.d.connection] [Opened connection [connectionId{localValue:72}] to nonprod-mongodb-ct-mongos0.us-west-2.cbt-aws-cwt.com:27017]
[2018-04-24 18:39:50,792] [] [pool-1-thread-1] [DEBUG] [o.m.d.connection] [Pruning pooled connections to nonprod-mongodb-ct-mongos0.us-west-2.cbt-aws-cwt.com:27017]
[2018-04-24 18:39:50,792] [] [pool-1-thread-1] [INFO] [o.m.d.connection] [Closed connection [connectionId{localValue:70}] to nonprod-mongodb-ct-mongos0.us-west-2.cbt-aws-cwt.com:27017 because it is past its maximum allowed idle time.]
[2018-04-24 18:39:50,792] [] [pool-1-thread-1] [DEBUG] [o.m.d.connection] [Closing connection connectionId{localValue:70}]
[2018-04-24 18:39:50,793] [] [pool-1-thread-1] [DEBUG] [o.m.d.connection] [Ensuring minimum pooled connections to nonprod-mongodb-ct-mongos0.us-west-2.cbt-aws-cwt.com:27017]
[2018-04-24 18:39:53,885] [] [pool-1-thread-1] [INFO] [o.m.d.connection] [Opened connection [connectionId{localValue:73}] to nonprod-mongodb-ct-mongos0.us-west-2.cbt-aws-cwt.com:27017]
[2018-04-24 18:40:50,792] [] [pool-1-thread-1] [DEBUG] [o.m.d.connection] [Pruning pooled connections to nonprod-mongodb-ct-mongos0.us-west-2.cbt-aws-cwt.com:27017]
[2018-04-24 18:40:50,792] [] [pool-1-thread-1] [INFO] [o.m.d.connection] [Closed connection [connectionId{localValue:71}] to nonprod-mongodb-ct-mongos0.us-west-2.cbt-aws-cwt.com:27017 because it is past its maximum allowed idle time.]
[2018-04-24 18:40:50,792] [] [pool-1-thread-1] [DEBUG] [o.m.d.connection] [Closing connection connectionId{localValue:71}]
[2018-04-24 18:40:50,795] [] [pool-1-thread-1] [INFO] [o.m.d.connection] [Closed connection [connectionId{localValue:72}] to nonprod-mongodb-ct-mongos0.us-west-2.cbt-aws-cwt.com:27017 because it is past its maximum allowed idle time.]
[2018-04-24 18:40:50,795] [] [pool-1-thread-1] [DEBUG] [o.m.d.connection] [Closing connection connectionId{localValue:72}]
[2018-04-24 18:40:50,798] [] [pool-1-thread-1] [DEBUG] [o.m.d.connection] [Ensuring minimum pooled connections to nonprod-mongodb-ct-mongos0.us-west-2.cbt-aws-cwt.com:27017]
[2018-04-24 18:40:53,670] [] [pool-1-thread-1] [INFO] [o.m.d.connection] [Opened connection [connectionId{localValue:74}] to nonprod-mongodb-ct-mongos0.us-west-2.cbt-aws-cwt.com:27017]
[2018-04-24 18:40:55,968] [] [pool-1-thread-1] [INFO] [o.m.d.connection] [Opened connection [connectionId{localValue:75}] to nonprod-mongodb-ct-mongos0.us-west-2.cbt-aws-cwt.com:27017]
[2018-04-24 18:41:50,793] [] [pool-1-thread-1] [DEBUG] [o.m.d.connection] [Pruning pooled connections to nonprod-mongodb-ct-mongos0.us-west-2.cbt-aws-cwt.com:27017]
[2018-04-24 18:41:50,793] [] [pool-1-thread-1] [INFO] [o.m.d.connection] [Closed connection [connectionId{localValue:73}] to nonprod-mongodb-ct-mongos0.us-west-2.cbt-aws-cwt.com:27017 because it is past its maximum allowed idle time.]
[2018-04-24 18:41:50,793] [] [pool-1-thread-1] [DEBUG] [o.m.d.connection] [Closing connection connectionId{localValue:73}]
[2018-04-24 18:41:50,794] [] [pool-1-thread-1] [DEBUG] [o.m.d.connection] [Ensuring minimum pooled connections to nonprod-mongodb-ct-mongos0.us-west-2.cbt-aws-cwt.com:27017]
[2018-04-24 18:41:53,645] [] [pool-1-thread-1] [INFO] [o.m.d.connection] [Opened connection [connectionId{localValue:76}] to nonprod-mongodb-ct-mongos0.us-west-2.cbt-aws-cwt.com:27017]
[2018-04-24 18:42:50,796] [] [pool-1-thread-1] [DEBUG] [o.m.d.connection] [Pruning pooled connections to nonprod-mongodb-ct-mongos0.us-west-2.cbt-aws-cwt.com:27017]
[2018-04-24 18:42:50,796] [] [pool-1-thread-1] [INFO] [o.m.d.connection] [Closed connection [connectionId{localValue:74}] to nonprod-mongodb-ct-mongos0.us-west-2.cbt-aws-cwt.com:27017 because it is past its maximum allowed idle time.]
[2018-04-24 18:42:50,796] [] [pool-1-thread-1] [DEBUG] [o.m.d.connection] [Closing connection connectionId{localValue:74}]
[2018-04-24 18:42:50,797] [] [pool-1-thread-1] [INFO] [o.m.d.connection] [Closed connection [connectionId{localValue:75}] to nonprod-mongodb-ct-mongos0.us-west-2.cbt-aws-cwt.com:27017 because it is past its maximum allowed idle time.]
[2018-04-24 18:42:50,798] [] [pool-1-thread-1] [DEBUG] [o.m.d.connection] [Closing connection connectionId{localValue:75}]
[2018-04-24 18:42:50,799] [] [pool-1-thread-1] [DEBUG] [o.m.d.connection] [Ensuring minimum pooled connections to nonprod-mongodb-ct-mongos0.us-west-2.cbt-aws-cwt.com:27017]
[2018-04-24 18:42:53,713] [] [pool-1-thread-1] [INFO] [o.m.d.connection] [Opened connection [connectionId{localValue:77}] to nonprod-mongodb-ct-mongos0.us-west-2.cbt-aws-cwt.com:27017]
[2018-04-24 18:42:56,213] [] [pool-1-thread-1] [INFO] [o.m.d.connection] [Opened connection [connectionId{localValue:78}] to nonprod-mongodb-ct-mongos0.us-west-2.cbt-aws-cwt.com:27017]
[2018-04-24 18:43:50,793] [] [pool-1-thread-1] [DEBUG] [o.m.d.connection] [Pruning pooled connections to nonprod-mongodb-ct-mongos0.us-west-2.cbt-aws-cwt.com:27017]
[2018-04-24 18:43:50,794] [] [pool-1-thread-1] [INFO] [o.m.d.connection] [Closed connection [connectionId{localValue:76}] to nonprod-mongodb-ct-mongos0.us-west-2.cbt-aws-cwt.com:27017 because it is past its maximum allowed idle time.]
[2018-04-24 18:43:50,794] [] [pool-1-thread-1] [DEBUG] [o.m.d.connection] [Closing connection connectionId{localValue:76}]
[2018-04-24 18:43:50,796] [] [pool-1-thread-1] [DEBUG] [o.m.d.connection] [Ensuring minimum pooled connections to nonprod-mongodb-ct-mongos0.us-west-2.cbt-aws-cwt.com:27017]
[2018-04-24 18:43:53,656] [] [pool-1-thread-1] [INFO] [o.m.d.connection] [Opened connection [connectionId{localValue:79}] to nonprod-mongodb-ct-mongos0.us-west-2.cbt-aws-cwt.com:27017]
[2018-04-24 18:44:50,795] [] [pool-1-thread-1] [DEBUG] [o.m.d.connection] [Pruning pooled connections to nonprod-mongodb-ct-mongos0.us-west-2.cbt-aws-cwt.com:27017]
[2018-04-24 18:44:50,795] [] [pool-1-thread-1] [INFO] [o.m.d.connection] [Closed connection [connectionId{localValue:77}] to nonprod-mongodb-ct-mongos0.us-west-2.cbt-aws-cwt.com:27017 because it is past its maximum allowed idle time.]
[2018-04-24 18:44:50,795] [] [pool-1-thread-1] [DEBUG] [o.m.d.connection] [Closing connection connectionId{localValue:77}]
[2018-04-24 18:44:50,797] [] [pool-1-thread-1] [INFO] [o.m.d.connection] [Closed connection [connectionId{localValue:78}] to nonprod-mongodb-ct-mongos0.us-west-2.cbt-aws-cwt.com:27017 because it is past its maximum allowed idle time.]
[2018-04-24 18:44:50,797] [] [pool-1-thread-1] [DEBUG] [o.m.d.connection] [Closing connection connectionId{localValue:78}]
[2018-04-24 18:44:50,797] [] [pool-1-thread-1] [DEBUG] [o.m.d.connection] [Ensuring minimum pooled connections to nonprod-mongodb-ct-mongos0.us-west-2.cbt-aws-cwt.com:27017]
[2018-04-24 18:44:53,535] [] [pool-1-thread-1] [INFO] [o.m.d.connection] [Opened connection [connectionId{localValue:80}] to nonprod-mongodb-ct-mongos0.us-west-2.cbt-aws-cwt.com:27017]
[2018-04-24 18:44:55,805] [] [pool-1-thread-1] [INFO] [o.m.d.connection] [Opened connection [connectionId{localValue:81}] to nonprod-mongodb-ct-mongos0.us-west-2.cbt-aws-cwt.com:27017]
[2018-04-24 18:45:08,005] [] [Thread-5] [INFO] [o.s.b.c.e.AnnotationConfigEmbeddedWebApplicationContext] [Closing org.springframework.boot.context.embedded.AnnotationConfigEmbeddedWebApplicationContext@48ae9b55: startup date [Tue Apr 24 17:52:36 PHT 2018]; root of context hierarchy]
[2018-04-24 18:45:08,028] [] [Thread-5] [INFO] [o.s.c.s.DefaultLifecycleProcessor] [Stopping beans in phase 2147483647]
[2018-04-24 18:45:08,035] [] [Thread-5] [INFO] [o.s.c.s.DefaultLifecycleProcessor] [Stopping beans in phase 0]
[2018-04-24 18:45:08,036] [] [Thread-5] [INFO] [o.s.b.a.e.j.EndpointMBeanExporter] [Unregistering JMX-exposed beans on shutdown]
[2018-04-24 18:45:08,037] [] [Thread-5] [INFO] [o.s.b.a.e.j.EndpointMBeanExporter] [Unregistering JMX-exposed beans]
[2018-04-24 18:45:08,040] [] [Thread-5] [INFO] [o.s.j.e.a.AnnotationMBeanExporter] [Unregistering JMX-exposed beans on shutdown]
[2018-04-24 18:45:08,057] [] [Thread-5] [INFO] [o.m.d.connection] [Closed connection [connectionId{localValue:79}] to nonprod-mongodb-ct-mongos0.us-west-2.cbt-aws-cwt.com:27017 because it is past its maximum allowed idle time.]
[2018-04-24 18:45:08,057] [] [Thread-5] [DEBUG] [o.m.d.connection] [Closing connection connectionId{localValue:79}]
[2018-04-24 18:45:08,058] [] [Thread-5] [INFO] [o.m.d.connection] [Closed connection [connectionId{localValue:80}] to nonprod-mongodb-ct-mongos0.us-west-2.cbt-aws-cwt.com:27017 because the pool has been closed.]
[2018-04-24 18:45:08,058] [] [Thread-5] [DEBUG] [o.m.d.connection] [Closing connection connectionId{localValue:80}]
[2018-04-24 18:45:08,059] [] [Thread-5] [INFO] [o.m.d.connection] [Closed connection [connectionId{localValue:81}] to nonprod-mongodb-ct-mongos0.us-west-2.cbt-aws-cwt.com:27017 because the pool has been closed.]
[2018-04-24 18:45:08,059] [] [Thread-5] [DEBUG] [o.m.d.connection] [Closing connection connectionId{localValue:81}]
[2018-04-24 18:45:08,067] [] [cluster-ClusterId{value='5adefe728d38f02f0efbd0e2', description='null'}-nonprod-mongodb-ct-mongos0.us-west-2.cbt-aws-cwt.com:27017] [DEBUG] [o.m.d.connection] [Closing connection connectionId{localValue:2}]
